#
# There is insufficient memory for the Java Runtime Environment to continue.
# Native memory allocation (malloc) failed to allocate 1300832 bytes. Error detail: Chunk::new
# Possible reasons:
#   The system is out of physical RAM or swap space
#   This process is running with CompressedOops enabled, and the Java Heap may be blocking the growth of the native heap
# Possible solutions:
#   Reduce memory load on the system
#   Increase physical memory or swap space
#   Check if swap backing store is full
#   Decrease Java heap size (-Xmx/-Xms)
#   Decrease number of Java threads
#   Decrease Java thread stack sizes (-Xss)
#   Set larger code cache with -XX:ReservedCodeCacheSize=
#   JVM is running with Unscaled Compressed Oops mode in which the Java heap is
#     placed in the first 4GB address space. The Java Heap base address is the
#     maximum limit for the native heap growth. Please use -XX:HeapBaseMinAddress
#     to set the Java Heap base and to place the Java Heap above 4GB virtual address.
# This output file may be truncated or incomplete.
#
#  Out of Memory Error (arena.cpp:168), pid=23956, tid=26708
#
# JRE version: OpenJDK Runtime Environment Temurin-21.0.7+6 (21.0.7+6) (build 21.0.7+6-LTS)
# Java VM: OpenJDK 64-Bit Server VM Temurin-21.0.7+6 (21.0.7+6-LTS, mixed mode, sharing, tiered, compressed oops, compressed class ptrs, parallel gc, windows-amd64)
# No core dump will be written. Minidumps are not enabled by default on client versions of Windows
#

---------------  S U M M A R Y ------------

Command Line: --add-modules=ALL-SYSTEM --add-opens=java.base/java.util=ALL-UNNAMED --add-opens=java.base/java.lang=ALL-UNNAMED --add-opens=java.base/sun.nio.fs=ALL-UNNAMED -Declipse.application=org.eclipse.jdt.ls.core.id1 -Dosgi.bundles.defaultStartLevel=4 -Declipse.product=org.eclipse.jdt.ls.core.product -Djava.import.generatesMetadataFilesAtProjectRoot=false -DDetectVMInstallationsJob.disabled=true -Dfile.encoding=utf8 -XX:+UseParallelGC -XX:GCTimeRatio=4 -XX:AdaptiveSizePolicyWeight=90 -Dsun.zip.disableMemoryMapping=true -Xmx1G -Xms100m -Xlog:disable -javaagent:c:\Users\abhil\.vscode\extensions\redhat.java-1.42.0-win32-x64\lombok\lombok-1.18.36.jar -XX:+HeapDumpOnOutOfMemoryError -XX:HeapDumpPath=c:\Users\abhil\AppData\Roaming\Code\User\workspaceStorage\976fcf1d592716d10fd6e88e634f2691\redhat.java -Daether.dependencyCollector.impl=bf c:\Users\abhil\.vscode\extensions\redhat.java-1.42.0-win32-x64\server\plugins\org.eclipse.equinox.launcher_1.7.0.v20250424-1814.jar -configuration c:\Users\abhil\AppData\Roaming\Code\User\globalStorage\redhat.java\1.42.0\config_win -data c:\Users\abhil\AppData\Roaming\Code\User\workspaceStorage\976fcf1d592716d10fd6e88e634f2691\redhat.java\jdt_ws --pipe=\\.\pipe\lsp-1caaae4c6b15750ad71882fecaffb570-sock

Host: AMD Ryzen 5 5500U with Radeon Graphics         , 12 cores, 5G,  Windows 11 , 64 bit Build 26100 (10.0.26100.4250)
Time: Sat Jun 14 14:25:42 2025 India Standard Time elapsed time: 29.915040 seconds (0d 0h 0m 29s)

---------------  T H R E A D  ---------------

Current thread (0x000002d0e48ecf50):  JavaThread "C2 CompilerThread0" daemon [_thread_in_native, id=26708, stack(0x000000f119f00000,0x000000f11a000000) (1024K)]


Current CompileTask:
C2:29915 9069   !   4       org.eclipse.jdt.internal.core.search.indexing.AddJrtToIndex$JrtIndexer::visitFile (133 bytes)

Stack: [0x000000f119f00000,0x000000f11a000000]
Native frames: (J=compiled Java code, j=interpreted, Vv=VM code, C=native code)
V  [jvm.dll+0x6ce119]
V  [jvm.dll+0x8a84a1]
V  [jvm.dll+0x8aa9ce]
V  [jvm.dll+0x8ab0b3]
V  [jvm.dll+0x27f8a6]
V  [jvm.dll+0xc507d]
V  [jvm.dll+0xc55b3]
V  [jvm.dll+0x3b692c]
V  [jvm.dll+0x1e0029]
V  [jvm.dll+0x247c42]
V  [jvm.dll+0x2470cf]
V  [jvm.dll+0x1c760e]
V  [jvm.dll+0x25695a]
V  [jvm.dll+0x254efa]
V  [jvm.dll+0x3f03f6]
V  [jvm.dll+0x851f6b]
V  [jvm.dll+0x6cc7dd]
C  [ucrtbase.dll+0x37b0]
C  [KERNEL32.DLL+0x2e8d7]
C  [ntdll.dll+0x3c34c]


---------------  P R O C E S S  ---------------

Threads class SMR info:
_java_thread_list=0x000002d0ccda54e0, length=77, elements={
0x000002d0e22ebdb0, 0x000002d0e48d3400, 0x000002d0f8c1d830, 0x000002d0e48d64f0,
0x000002d0e48d7040, 0x000002d0e48de2d0, 0x000002d0e48dfcd0, 0x000002d0e48ecf50,
0x000002d0e48ee900, 0x000002d0e48e2430, 0x000002d0e48e0360, 0x000002d0e48e2ac0,
0x000002d0e48e09f0, 0x000002d0e48e1710, 0x000002d0e48df640, 0x000002d0e48e1da0,
0x000002d0e48e1080, 0x000002d0fa201150, 0x000002d0fa202b90, 0x000002d0fa203220,
0x000002d0fa201e70, 0x000002d0fa203f40, 0x000002d0fa2038b0, 0x000002d0fa202500,
0x000002d0fa200ac0, 0x000002d0ff4dc920, 0x000002d0fa2052f0, 0x000002d0fa204c60,
0x000002d0fa206d30, 0x000002d0fa207a50, 0x000002d0fa2066a0, 0x000002d0fa205980,
0x000002d0fa2045d0, 0x000002d0fa206010, 0x000002d0fa2073c0, 0x000002d0fa2080e0,
0x000002d0c3afa250, 0x000002d0c3af9bc0, 0x000002d0c3afb600, 0x000002d0c3afaf70,
0x000002d0c3afbc90, 0x000002d0c3afd6d0, 0x000002d0c3afdd60, 0x000002d0c3afc320,
0x000002d0c3afa8e0, 0x000002d0c3b011e0, 0x000002d0c3afe3f0, 0x000002d0c3b004c0,
0x000002d0c3afea80, 0x000002d0c3aff110, 0x000002d0c3aff7a0, 0x000002d0c3b00b50,
0x000002d0c3affe30, 0x000002d0fa2017e0, 0x000002d0c3f82980, 0x000002d0c3f815d0,
0x000002d0c3f850e0, 0x000002d0c3f83010, 0x000002d0c3f81c60, 0x000002d0c3f83d30,
0x000002d0c3f85770, 0x000002d0c3f836a0, 0x000002d0c3f843c0, 0x000002d0c3f84a50,
0x000002d0c3f822f0, 0x000002d0c3f871b0, 0x000002d0c3f87840, 0x000002d0c3f88560,
0x000002d0c3f87ed0, 0x000002d0c3f85e00, 0x000002d0c3f86490, 0x000002d0c3f86b20,
0x000002d0c3eafb00, 0x000002d0c3ead3a0, 0x000002d0c3eae0c0, 0x000002d0c3eacd10,
0x000002d0c3eac680
}

Java Threads: ( => current thread )
  0x000002d0e22ebdb0 JavaThread "main"                              [_thread_blocked, id=21500, stack(0x000000f119500000,0x000000f119600000) (1024K)]
  0x000002d0e48d3400 JavaThread "Reference Handler"          daemon [_thread_blocked, id=26716, stack(0x000000f119900000,0x000000f119a00000) (1024K)]
  0x000002d0f8c1d830 JavaThread "Finalizer"                  daemon [_thread_blocked, id=23964, stack(0x000000f119a00000,0x000000f119b00000) (1024K)]
  0x000002d0e48d64f0 JavaThread "Signal Dispatcher"          daemon [_thread_blocked, id=23568, stack(0x000000f119b00000,0x000000f119c00000) (1024K)]
  0x000002d0e48d7040 JavaThread "Attach Listener"            daemon [_thread_blocked, id=26704, stack(0x000000f119c00000,0x000000f119d00000) (1024K)]
  0x000002d0e48de2d0 JavaThread "Service Thread"             daemon [_thread_blocked, id=26864, stack(0x000000f119d00000,0x000000f119e00000) (1024K)]
  0x000002d0e48dfcd0 JavaThread "Monitor Deflation Thread"   daemon [_thread_blocked, id=9212, stack(0x000000f119e00000,0x000000f119f00000) (1024K)]
=>0x000002d0e48ecf50 JavaThread "C2 CompilerThread0"         daemon [_thread_in_native, id=26708, stack(0x000000f119f00000,0x000000f11a000000) (1024K)]
  0x000002d0e48ee900 JavaThread "C1 CompilerThread0"         daemon [_thread_in_native, id=24088, stack(0x000000f11a000000,0x000000f11a100000) (1024K)]
  0x000002d0e48e2430 JavaThread "Common-Cleaner"             daemon [_thread_blocked, id=24704, stack(0x000000f11a100000,0x000000f11a200000) (1024K)]
  0x000002d0e48e0360 JavaThread "Notification Thread"        daemon [_thread_blocked, id=24200, stack(0x000000f11a300000,0x000000f11a400000) (1024K)]
  0x000002d0e48e2ac0 JavaThread "Active Thread: Equinox Container: 85e6555c-68e7-4baf-b053-f370f5555548"        [_thread_blocked, id=26996, stack(0x000000f11ab00000,0x000000f11ac00000) (1024K)]
  0x000002d0e48e09f0 JavaThread "Refresh Thread: Equinox Container: 85e6555c-68e7-4baf-b053-f370f5555548" daemon [_thread_blocked, id=26572, stack(0x000000f11a200000,0x000000f11a300000) (1024K)]
  0x000002d0e48e1710 JavaThread "Framework Event Dispatcher: Equinox Container: 85e6555c-68e7-4baf-b053-f370f5555548" daemon [_thread_blocked, id=6272, stack(0x000000f11ac00000,0x000000f11ad00000) (1024K)]
  0x000002d0e48df640 JavaThread "Start Level: Equinox Container: 85e6555c-68e7-4baf-b053-f370f5555548" daemon [_thread_blocked, id=24780, stack(0x000000f11ad00000,0x000000f11ae00000) (1024K)]
  0x000002d0e48e1da0 JavaThread "Bundle File Closer"         daemon [_thread_blocked, id=24912, stack(0x000000f11b100000,0x000000f11b200000) (1024K)]
  0x000002d0e48e1080 JavaThread "SCR Component Actor"        daemon [_thread_blocked, id=26164, stack(0x000000f11b200000,0x000000f11b300000) (1024K)]
  0x000002d0fa201150 JavaThread "Worker-JM"                         [_thread_blocked, id=25356, stack(0x000000f11b400000,0x000000f11b500000) (1024K)]
  0x000002d0fa202b90 JavaThread "JNA Cleaner"                daemon [_thread_blocked, id=26060, stack(0x000000f11b300000,0x000000f11b400000) (1024K)]
  0x000002d0fa203220 JavaThread "Worker-0"                          [_thread_blocked, id=12528, stack(0x000000f11b500000,0x000000f11b600000) (1024K)]
  0x000002d0fa201e70 JavaThread "Worker-1"                          [_thread_blocked, id=26944, stack(0x000000f11b600000,0x000000f11b700000) (1024K)]
  0x000002d0fa203f40 JavaThread "Worker-2"                          [_thread_blocked, id=25100, stack(0x000000f11b700000,0x000000f11b800000) (1024K)]
  0x000002d0fa2038b0 JavaThread "Java indexing"              daemon [_thread_in_Java, id=23020, stack(0x000000f11b800000,0x000000f11b900000) (1024K)]
  0x000002d0fa202500 JavaThread "Worker-3: Building"                [_thread_in_native, id=23016, stack(0x000000f11b900000,0x000000f11ba00000) (1024K)]
  0x000002d0fa200ac0 JavaThread "Worker-4: Java indexing... "        [_thread_blocked, id=18792, stack(0x000000f11ba00000,0x000000f11bb00000) (1024K)]
  0x000002d0ff4dc920 JavaThread "C2 CompilerThread1"         daemon [_thread_in_native, id=4608, stack(0x000000f11bb00000,0x000000f11bc00000) (1024K)]
  0x000002d0fa2052f0 JavaThread "Thread-2"                   daemon [_thread_in_native, id=19916, stack(0x000000f11bc00000,0x000000f11bd00000) (1024K)]
  0x000002d0fa204c60 JavaThread "Thread-3"                   daemon [_thread_in_native, id=12848, stack(0x000000f11bd00000,0x000000f11be00000) (1024K)]
  0x000002d0fa206d30 JavaThread "Thread-4"                   daemon [_thread_in_native, id=10676, stack(0x000000f11be00000,0x000000f11bf00000) (1024K)]
  0x000002d0fa207a50 JavaThread "Thread-5"                   daemon [_thread_in_native, id=11552, stack(0x000000f11bf00000,0x000000f11c000000) (1024K)]
  0x000002d0fa2066a0 JavaThread "Thread-6"                   daemon [_thread_in_native, id=16660, stack(0x000000f11c000000,0x000000f11c100000) (1024K)]
  0x000002d0fa205980 JavaThread "Thread-7"                   daemon [_thread_in_native, id=12772, stack(0x000000f11c100000,0x000000f11c200000) (1024K)]
  0x000002d0fa2045d0 JavaThread "Thread-8"                   daemon [_thread_in_native, id=19012, stack(0x000000f11c200000,0x000000f11c300000) (1024K)]
  0x000002d0fa206010 JavaThread "Thread-9"                   daemon [_thread_in_native, id=23272, stack(0x000000f11c300000,0x000000f11c400000) (1024K)]
  0x000002d0fa2073c0 JavaThread "Thread-10"                  daemon [_thread_in_native, id=10180, stack(0x000000f11c400000,0x000000f11c500000) (1024K)]
  0x000002d0fa2080e0 JavaThread "Thread-11"                  daemon [_thread_in_native, id=21052, stack(0x000000f11c500000,0x000000f11c600000) (1024K)]
  0x000002d0c3afa250 JavaThread "Thread-12"                  daemon [_thread_in_native, id=26264, stack(0x000000f11c600000,0x000000f11c700000) (1024K)]
  0x000002d0c3af9bc0 JavaThread "Thread-13"                  daemon [_thread_in_native, id=26260, stack(0x000000f11c700000,0x000000f11c800000) (1024K)]
  0x000002d0c3afb600 JavaThread "Thread-14"                  daemon [_thread_in_native, id=11212, stack(0x000000f11c800000,0x000000f11c900000) (1024K)]
  0x000002d0c3afaf70 JavaThread "pool-2-thread-1"                   [_thread_blocked, id=22960, stack(0x000000f11c900000,0x000000f11ca00000) (1024K)]
  0x000002d0c3afbc90 JavaThread "Worker-5"                          [_thread_blocked, id=1060, stack(0x000000f11ca00000,0x000000f11cb00000) (1024K)]
  0x000002d0c3afd6d0 JavaThread "Worker-6"                          [_thread_blocked, id=19780, stack(0x000000f11cb00000,0x000000f11cc00000) (1024K)]
  0x000002d0c3afdd60 JavaThread "WorkspaceEventsHandler"            [_thread_blocked, id=9020, stack(0x000000f11cc00000,0x000000f11cd00000) (1024K)]
  0x000002d0c3afc320 JavaThread "pool-1-thread-1"                   [_thread_blocked, id=26112, stack(0x000000f11cd00000,0x000000f11ce00000) (1024K)]
  0x000002d0c3afa8e0 JavaThread "LocalFile Deleter"          daemon [_thread_blocked, id=19408, stack(0x000000f11ae00000,0x000000f11af00000) (1024K)]
  0x000002d0c3b011e0 JavaThread "LocalFile Deleter"          daemon [_thread_blocked, id=19744, stack(0x000000f11ce00000,0x000000f11cf00000) (1024K)]
  0x000002d0c3afe3f0 JavaThread "LocalFile Deleter"          daemon [_thread_blocked, id=18544, stack(0x000000f11cf00000,0x000000f11d000000) (1024K)]
  0x000002d0c3b004c0 JavaThread "LocalFile Deleter"          daemon [_thread_blocked, id=19668, stack(0x000000f11d000000,0x000000f11d100000) (1024K)]
  0x000002d0c3afea80 JavaThread "LocalFile Deleter"          daemon [_thread_blocked, id=17880, stack(0x000000f11d100000,0x000000f11d200000) (1024K)]
  0x000002d0c3aff110 JavaThread "LocalFile Deleter"          daemon [_thread_blocked, id=17684, stack(0x000000f11d200000,0x000000f11d300000) (1024K)]
  0x000002d0c3aff7a0 JavaThread "LocalFile Deleter"          daemon [_thread_blocked, id=4624, stack(0x000000f11d300000,0x000000f11d400000) (1024K)]
  0x000002d0c3b00b50 JavaThread "LocalFile Deleter"          daemon [_thread_blocked, id=23980, stack(0x000000f11d400000,0x000000f11d500000) (1024K)]
  0x000002d0c3affe30 JavaThread "LocalFile Deleter"          daemon [_thread_blocked, id=26784, stack(0x000000f11d500000,0x000000f11d600000) (1024K)]
  0x000002d0fa2017e0 JavaThread "LocalFile Deleter"          daemon [_thread_blocked, id=25004, stack(0x000000f11d600000,0x000000f11d700000) (1024K)]
  0x000002d0c3f82980 JavaThread "LocalFile Deleter"          daemon [_thread_blocked, id=16408, stack(0x000000f11d700000,0x000000f11d800000) (1024K)]
  0x000002d0c3f815d0 JavaThread "LocalFile Deleter"          daemon [_thread_blocked, id=4256, stack(0x000000f11d800000,0x000000f11d900000) (1024K)]
  0x000002d0c3f850e0 JavaThread "Compiler Source File Reader" daemon [_thread_blocked, id=20716, stack(0x000000f11d900000,0x000000f11da00000) (1024K)]
  0x000002d0c3f83010 JavaThread "Compiler Source File Reader" daemon [_thread_blocked, id=20840, stack(0x000000f11da00000,0x000000f11db00000) (1024K)]
  0x000002d0c3f81c60 JavaThread "Compiler Source File Reader" daemon [_thread_blocked, id=12060, stack(0x000000f11db00000,0x000000f11dc00000) (1024K)]
  0x000002d0c3f83d30 JavaThread "Compiler Source File Reader" daemon [_thread_blocked, id=9348, stack(0x000000f11dc00000,0x000000f11dd00000) (1024K)]
  0x000002d0c3f85770 JavaThread "Compiler Source File Reader" daemon [_thread_blocked, id=7252, stack(0x000000f11dd00000,0x000000f11de00000) (1024K)]
  0x000002d0c3f836a0 JavaThread "Compiler Source File Reader" daemon [_thread_blocked, id=12536, stack(0x000000f11de00000,0x000000f11df00000) (1024K)]
  0x000002d0c3f843c0 JavaThread "Compiler Source File Reader" daemon [_thread_blocked, id=27528, stack(0x000000f11df00000,0x000000f11e000000) (1024K)]
  0x000002d0c3f84a50 JavaThread "Compiler Source File Reader" daemon [_thread_blocked, id=7728, stack(0x000000f11e000000,0x000000f11e100000) (1024K)]
  0x000002d0c3f822f0 JavaThread "Compiler Source File Reader" daemon [_thread_blocked, id=21816, stack(0x000000f11e100000,0x000000f11e200000) (1024K)]
  0x000002d0c3f871b0 JavaThread "Compiler Source File Reader" daemon [_thread_blocked, id=15344, stack(0x000000f11e200000,0x000000f11e300000) (1024K)]
  0x000002d0c3f87840 JavaThread "Compiler Processing Task"   daemon [_thread_blocked, id=24792, stack(0x000000f11e300000,0x000000f11e400000) (1024K)]
  0x000002d0c3f88560 JavaThread "Compiler Class File Writer" daemon [_thread_blocked, id=24192, stack(0x000000f11e400000,0x000000f11e500000) (1024K)]
  0x000002d0c3f87ed0 JavaThread "Compiler Class File Writer" daemon [_thread_blocked, id=15136, stack(0x000000f11e500000,0x000000f11e600000) (1024K)]
  0x000002d0c3f85e00 JavaThread "Compiler Class File Writer" daemon [_thread_blocked, id=27172, stack(0x000000f11e600000,0x000000f11e700000) (1024K)]
  0x000002d0c3f86490 JavaThread "Compiler Class File Writer" daemon [_thread_blocked, id=24712, stack(0x000000f11e700000,0x000000f11e800000) (1024K)]
  0x000002d0c3f86b20 JavaThread "Compiler Class File Writer" daemon [_thread_blocked, id=6224, stack(0x000000f11e800000,0x000000f11e900000) (1024K)]
  0x000002d0c3eafb00 JavaThread "Compiler Class File Writer" daemon [_thread_blocked, id=17212, stack(0x000000f11e900000,0x000000f11ea00000) (1024K)]
  0x000002d0c3ead3a0 JavaThread "Compiler Class File Writer" daemon [_thread_blocked, id=22496, stack(0x000000f11ea00000,0x000000f11eb00000) (1024K)]
  0x000002d0c3eae0c0 JavaThread "Compiler Class File Writer" daemon [_thread_blocked, id=7784, stack(0x000000f11eb00000,0x000000f11ec00000) (1024K)]
  0x000002d0c3eacd10 JavaThread "Compiler Class File Writer" daemon [_thread_blocked, id=18556, stack(0x000000f11ec00000,0x000000f11ed00000) (1024K)]
  0x000002d0c3eac680 JavaThread "Compiler Class File Writer" daemon [_thread_blocked, id=5644, stack(0x000000f11ed00000,0x000000f11ee00000) (1024K)]
Total: 77

Other Threads:
  0x000002d0f8c04970 VMThread "VM Thread"                           [id=13428, stack(0x000000f119800000,0x000000f119900000) (1024K)]
  0x000002d0f8afca00 WatcherThread "VM Periodic Task Thread"        [id=15836, stack(0x000000f119700000,0x000000f119800000) (1024K)]
  0x000002d0e484c100 WorkerThread "GC Thread#0"                     [id=26720, stack(0x000000f119600000,0x000000f119700000) (1024K)]
  0x000002d0c119d880 WorkerThread "GC Thread#1"                     [id=23916, stack(0x000000f11a500000,0x000000f11a600000) (1024K)]
  0x000002d0ff4e4770 WorkerThread "GC Thread#2"                     [id=26680, stack(0x000000f11a600000,0x000000f11a700000) (1024K)]
  0x000002d0ff4e4b10 WorkerThread "GC Thread#3"                     [id=19496, stack(0x000000f11a700000,0x000000f11a800000) (1024K)]
  0x000002d0c11ec0c0 WorkerThread "GC Thread#4"                     [id=26732, stack(0x000000f11a800000,0x000000f11a900000) (1024K)]
  0x000002d0c11ec460 WorkerThread "GC Thread#5"                     [id=21656, stack(0x000000f11a900000,0x000000f11aa00000) (1024K)]
  0x000002d0c11ec800 WorkerThread "GC Thread#6"                     [id=23884, stack(0x000000f11aa00000,0x000000f11ab00000) (1024K)]
  0x000002d0c12aef90 WorkerThread "GC Thread#7"                     [id=15808, stack(0x000000f11a400000,0x000000f11a500000) (1024K)]
  0x000002d0c14016d0 WorkerThread "GC Thread#8"                     [id=5140, stack(0x000000f11af00000,0x000000f11b000000) (1024K)]
  0x000002d0fa029990 WorkerThread "GC Thread#9"                     [id=20700, stack(0x000000f11b000000,0x000000f11b100000) (1024K)]
Total: 12

Threads with active compile tasks:
C2 CompilerThread0  29983 9069   !   4       org.eclipse.jdt.internal.core.search.indexing.AddJrtToIndex$JrtIndexer::visitFile (133 bytes)
C2 CompilerThread1  29983 9109       4       java.util.HashSet::add (20 bytes)
Total: 2

VM state: not at safepoint (normal execution)

VM Mutex/Monitor currently owned by a thread: None

Heap address: 0x00000000c0000000, size: 1024 MB, Compressed Oops mode: 32-bit

CDS archive(s) mapped at: [0x000002d080000000-0x000002d080ba0000-0x000002d080ba0000), size 12189696, SharedBaseAddress: 0x000002d080000000, ArchiveRelocationMode: 1.
Compressed class space mapped at: 0x000002d081000000-0x000002d0c1000000, reserved size: 1073741824
Narrow klass base: 0x000002d080000000, Narrow klass shift: 0, Narrow klass range: 0x100000000

GC Precious Log:
 CardTable entry size: 512
 CPUs: 12 total, 12 available
 Memory: 6005M
 Large Page Support: Disabled
 NUMA Support: Disabled
 Compressed Oops: Enabled (32-bit)
 Alignments: Space 512K, Generation 512K, Heap 2M
 Heap Min Capacity: 100M
 Heap Initial Capacity: 100M
 Heap Max Capacity: 1G
 Pre-touch: Disabled
 Parallel Workers: 10

Heap:
 PSYoungGen      total 7168K, used 5414K [0x00000000eab00000, 0x00000000eb400000, 0x0000000100000000)
  eden space 5632K, 76% used [0x00000000eab00000,0x00000000eaf31d18,0x00000000eb080000)
  from space 1536K, 79% used [0x00000000eb280000,0x00000000eb3b0ae0,0x00000000eb400000)
  to   space 1536K, 0% used [0x00000000eb100000,0x00000000eb100000,0x00000000eb280000)
 ParOldGen       total 186368K, used 186264K [0x00000000c0000000, 0x00000000cb600000, 0x00000000eab00000)
  object space 186368K, 99% used [0x00000000c0000000,0x00000000cb5e6218,0x00000000cb600000)
 Metaspace       used 57483K, committed 58880K, reserved 1114112K
  class space    used 5985K, committed 6592K, reserved 1048576K

Card table byte_map: [0x000002d0e40e0000,0x000002d0e42f0000] _byte_map_base: 0x000002d0e3ae0000

Marking Bits: (ParMarkBitMap*) 0x00007ffef47731f0
 Begin Bits: [0x000002d0f6a20000, 0x000002d0f7a20000)
 End Bits:   [0x000002d0f7a20000, 0x000002d0f8a20000)

Polling page: 0x000002d0e25e0000

Metaspace:

Usage:
  Non-class:     50.29 MB used.
      Class:      5.85 MB used.
       Both:     56.14 MB used.

Virtual space:
  Non-class space:       64.00 MB reserved,      51.06 MB ( 80%) committed,  1 nodes.
      Class space:        1.00 GB reserved,       6.44 MB ( <1%) committed,  1 nodes.
             Both:        1.06 GB reserved,      57.50 MB (  5%) committed. 

Chunk freelists:
   Non-Class:  12.45 MB
       Class:  9.60 MB
        Both:  22.05 MB

MaxMetaspaceSize: unlimited
CompressedClassSpaceSize: 1.00 GB
Initial GC threshold: 21.00 MB
Current GC threshold: 58.88 MB
CDS: on
 - commit_granule_bytes: 65536.
 - commit_granule_words: 8192.
 - virtual_space_node_default_size: 8388608.
 - enlarge_chunks_in_place: 1.
 - use_allocation_guard: 0.


Internal statistics:

num_allocs_failed_limit: 10.
num_arena_births: 1102.
num_arena_deaths: 14.
num_vsnodes_births: 2.
num_vsnodes_deaths: 0.
num_space_committed: 920.
num_space_uncommitted: 0.
num_chunks_returned_to_freelist: 24.
num_chunks_taken_from_freelist: 3792.
num_chunk_merges: 16.
num_chunk_splits: 2324.
num_chunks_enlarged: 1238.
num_inconsistent_stats: 0.

CodeHeap 'non-profiled nmethods': size=120000Kb used=4501Kb max_used=4501Kb free=115498Kb
 bounds [0x000002d0ef4f0000, 0x000002d0ef960000, 0x000002d0f6a20000]
CodeHeap 'profiled nmethods': size=120000Kb used=18051Kb max_used=18051Kb free=101948Kb
 bounds [0x000002d0e7a20000, 0x000002d0e8bd0000, 0x000002d0eef50000]
CodeHeap 'non-nmethods': size=5760Kb used=1414Kb max_used=1504Kb free=4345Kb
 bounds [0x000002d0eef50000, 0x000002d0ef1c0000, 0x000002d0ef4f0000]
 total_blobs=9185 nmethods=8460 adapters=631
 compilation: enabled
              stopped_count=0, restarted_count=0
 full_count=0

Compilation events (20 events):
Event: 28.401 Thread 0x000002d0e48ee900 9084   !   3       org.eclipse.jdt.core.Signature::getTypeParameters (313 bytes)
Event: 28.402 Thread 0x000002d0ff4dc920 nmethod 9073 0x000002d0ef943510 code [0x000002d0ef9436a0, 0x000002d0ef943750]
Event: 28.402 Thread 0x000002d0ff4dc920 9074       4       sun.nio.fs.WindowsPath::toAbsolutePath (5 bytes)
Event: 28.403 Thread 0x000002d0ff4dc920 nmethod 9074 0x000002d0ef943810 code [0x000002d0ef9439a0, 0x000002d0ef943a58]
Event: 28.403 Thread 0x000002d0ff4dc920 9075       4       sun.nio.fs.WindowsPath::equals (28 bytes)
Event: 28.403 Thread 0x000002d0e48ee900 nmethod 9084 0x000002d0e8b95d90 code [0x000002d0e8b960e0, 0x000002d0e8b97590]
Event: 28.411 Thread 0x000002d0ff4dc920 nmethod 9075 0x000002d0ef943b10 code [0x000002d0ef943ce0, 0x000002d0ef944090]
Event: 28.411 Thread 0x000002d0ff4dc920 9076   !   4       org.eclipse.jdt.internal.compiler.util.JRTUtil::getJrtSystem (72 bytes)
Event: 28.543 Thread 0x000002d0ff4dc920 nmethod 9076 0x000002d0ef944490 code [0x000002d0ef944820, 0x000002d0ef946c70]
Event: 28.544 Thread 0x000002d0ff4dc920 9090       4       org.eclipse.jdt.internal.compiler.ExtraFlags::getExtraFlags (94 bytes)
Event: 28.671 Thread 0x000002d0e48ee900 9091       3       org.eclipse.core.internal.jobs.JobManager::select (60 bytes)
Event: 28.672 Thread 0x000002d0e48ee900 nmethod 9091 0x000002d0e8b97f90 code [0x000002d0e8b98180, 0x000002d0e8b986f8]
Event: 28.684 Thread 0x000002d0ff4dc920 nmethod 9090 0x000002d0ef948190 code [0x000002d0ef948480, 0x000002d0ef949cf8]
Event: 28.684 Thread 0x000002d0ff4dc920 9077   !   4       org.eclipse.jdt.internal.compiler.util.Jdk::<init> (46 bytes)
Event: 28.800 Thread 0x000002d0ff4dc920 nmethod 9077 0x000002d0ef94ae90 code [0x000002d0ef94b1c0, 0x000002d0ef94d028]
Event: 28.800 Thread 0x000002d0ff4dc920 9088   !   4       org.eclipse.jdt.internal.core.search.indexing.BinaryContainer::isValidPackageNameForClassOrisModule (158 bytes)
Event: 28.832 Thread 0x000002d0ff4dc920 nmethod 9088 0x000002d0ef94e190 code [0x000002d0ef94e3e0, 0x000002d0ef94f170]
Event: 28.832 Thread 0x000002d0ff4dc920 9095       4       java.nio.file.Files::read (103 bytes)
Event: 28.869 Thread 0x000002d0ff4dc920 nmethod 9095 0x000002d0ef94f990 code [0x000002d0ef94fbe0, 0x000002d0ef950c18]
Event: 28.869 Thread 0x000002d0ff4dc920 9092       4       java.nio.file.Files::newByteChannel (36 bytes)

GC Heap History (20 events):
Event: 28.266 GC heap after
{Heap after GC invocations=84 (full 2):
 PSYoungGen      total 6656K, used 1357K [0x00000000eab00000, 0x00000000eb380000, 0x0000000100000000)
  eden space 5120K, 0% used [0x00000000eab00000,0x00000000eab00000,0x00000000eb000000)
  from space 1536K, 88% used [0x00000000eb200000,0x00000000eb3535e0,0x00000000eb380000)
  to   space 1536K, 0% used [0x00000000eb000000,0x00000000eb000000,0x00000000eb180000)
 ParOldGen       total 172544K, used 172194K [0x00000000c0000000, 0x00000000ca880000, 0x00000000eab00000)
  object space 172544K, 99% used [0x00000000c0000000,0x00000000ca828818,0x00000000ca880000)
 Metaspace       used 57429K, committed 58752K, reserved 1114112K
  class space    used 5985K, committed 6592K, reserved 1048576K
}
Event: 28.342 GC heap before
{Heap before GC invocations=85 (full 2):
 PSYoungGen      total 6656K, used 6477K [0x00000000eab00000, 0x00000000eb380000, 0x0000000100000000)
  eden space 5120K, 100% used [0x00000000eab00000,0x00000000eb000000,0x00000000eb000000)
  from space 1536K, 88% used [0x00000000eb200000,0x00000000eb3535e0,0x00000000eb380000)
  to   space 1536K, 0% used [0x00000000eb000000,0x00000000eb000000,0x00000000eb180000)
 ParOldGen       total 172544K, used 172194K [0x00000000c0000000, 0x00000000ca880000, 0x00000000eab00000)
  object space 172544K, 99% used [0x00000000c0000000,0x00000000ca828818,0x00000000ca880000)
 Metaspace       used 57435K, committed 58752K, reserved 1114112K
  class space    used 5985K, committed 6592K, reserved 1048576K
}
Event: 28.346 GC heap after
{Heap after GC invocations=85 (full 2):
 PSYoungGen      total 6656K, used 1407K [0x00000000eab00000, 0x00000000eb300000, 0x0000000100000000)
  eden space 5120K, 0% used [0x00000000eab00000,0x00000000eab00000,0x00000000eb000000)
  from space 1536K, 91% used [0x00000000eb000000,0x00000000eb15fed0,0x00000000eb180000)
  to   space 1536K, 0% used [0x00000000eb180000,0x00000000eb180000,0x00000000eb300000)
 ParOldGen       total 173568K, used 173413K [0x00000000c0000000, 0x00000000ca980000, 0x00000000eab00000)
  object space 173568K, 99% used [0x00000000c0000000,0x00000000ca959590,0x00000000ca980000)
 Metaspace       used 57435K, committed 58752K, reserved 1114112K
  class space    used 5985K, committed 6592K, reserved 1048576K
}
Event: 28.428 GC heap before
{Heap before GC invocations=86 (full 2):
 PSYoungGen      total 6656K, used 6527K [0x00000000eab00000, 0x00000000eb300000, 0x0000000100000000)
  eden space 5120K, 100% used [0x00000000eab00000,0x00000000eb000000,0x00000000eb000000)
  from space 1536K, 91% used [0x00000000eb000000,0x00000000eb15fed0,0x00000000eb180000)
  to   space 1536K, 0% used [0x00000000eb180000,0x00000000eb180000,0x00000000eb300000)
 ParOldGen       total 173568K, used 173413K [0x00000000c0000000, 0x00000000ca980000, 0x00000000eab00000)
  object space 173568K, 99% used [0x00000000c0000000,0x00000000ca959590,0x00000000ca980000)
 Metaspace       used 57436K, committed 58752K, reserved 1114112K
  class space    used 5985K, committed 6592K, reserved 1048576K
}
Event: 28.434 GC heap after
{Heap after GC invocations=86 (full 2):
 PSYoungGen      total 6144K, used 1532K [0x00000000eab00000, 0x00000000eb400000, 0x0000000100000000)
  eden space 4608K, 0% used [0x00000000eab00000,0x00000000eab00000,0x00000000eaf80000)
  from space 1536K, 99% used [0x00000000eb180000,0x00000000eb2ff2f0,0x00000000eb300000)
  to   space 2048K, 0% used [0x00000000eaf80000,0x00000000eaf80000,0x00000000eb180000)
 ParOldGen       total 175104K, used 174651K [0x00000000c0000000, 0x00000000cab00000, 0x00000000eab00000)
  object space 175104K, 99% used [0x00000000c0000000,0x00000000caa8eff8,0x00000000cab00000)
 Metaspace       used 57436K, committed 58752K, reserved 1114112K
  class space    used 5985K, committed 6592K, reserved 1048576K
}
Event: 28.489 GC heap before
{Heap before GC invocations=87 (full 2):
 PSYoungGen      total 6144K, used 6140K [0x00000000eab00000, 0x00000000eb400000, 0x0000000100000000)
  eden space 4608K, 100% used [0x00000000eab00000,0x00000000eaf80000,0x00000000eaf80000)
  from space 1536K, 99% used [0x00000000eb180000,0x00000000eb2ff2f0,0x00000000eb300000)
  to   space 2048K, 0% used [0x00000000eaf80000,0x00000000eaf80000,0x00000000eb180000)
 ParOldGen       total 175104K, used 174651K [0x00000000c0000000, 0x00000000cab00000, 0x00000000eab00000)
  object space 175104K, 99% used [0x00000000c0000000,0x00000000caa8eff8,0x00000000cab00000)
 Metaspace       used 57436K, committed 58752K, reserved 1114112K
  class space    used 5985K, committed 6592K, reserved 1048576K
}
Event: 28.494 GC heap after
{Heap after GC invocations=87 (full 2):
 PSYoungGen      total 6144K, used 1171K [0x00000000eab00000, 0x00000000eb280000, 0x0000000100000000)
  eden space 4608K, 0% used [0x00000000eab00000,0x00000000eab00000,0x00000000eaf80000)
  from space 1536K, 76% used [0x00000000eaf80000,0x00000000eb0a4dd0,0x00000000eb100000)
  to   space 1536K, 0% used [0x00000000eb100000,0x00000000eb100000,0x00000000eb280000)
 ParOldGen       total 176640K, used 176168K [0x00000000c0000000, 0x00000000cac80000, 0x00000000eab00000)
  object space 176640K, 99% used [0x00000000c0000000,0x00000000cac0a3e0,0x00000000cac80000)
 Metaspace       used 57436K, committed 58752K, reserved 1114112K
  class space    used 5985K, committed 6592K, reserved 1048576K
}
Event: 28.536 GC heap before
{Heap before GC invocations=88 (full 2):
 PSYoungGen      total 6144K, used 5779K [0x00000000eab00000, 0x00000000eb280000, 0x0000000100000000)
  eden space 4608K, 100% used [0x00000000eab00000,0x00000000eaf80000,0x00000000eaf80000)
  from space 1536K, 76% used [0x00000000eaf80000,0x00000000eb0a4dd0,0x00000000eb100000)
  to   space 1536K, 0% used [0x00000000eb100000,0x00000000eb100000,0x00000000eb280000)
 ParOldGen       total 176640K, used 176168K [0x00000000c0000000, 0x00000000cac80000, 0x00000000eab00000)
  object space 176640K, 99% used [0x00000000c0000000,0x00000000cac0a3e0,0x00000000cac80000)
 Metaspace       used 57436K, committed 58752K, reserved 1114112K
  class space    used 5985K, committed 6592K, reserved 1048576K
}
Event: 28.539 GC heap after
{Heap after GC invocations=88 (full 2):
 PSYoungGen      total 6144K, used 1252K [0x00000000eab00000, 0x00000000eb280000, 0x0000000100000000)
  eden space 4608K, 0% used [0x00000000eab00000,0x00000000eab00000,0x00000000eaf80000)
  from space 1536K, 81% used [0x00000000eb100000,0x00000000eb2391a8,0x00000000eb280000)
  to   space 1536K, 0% used [0x00000000eaf80000,0x00000000eaf80000,0x00000000eb100000)
 ParOldGen       total 177664K, used 177262K [0x00000000c0000000, 0x00000000cad80000, 0x00000000eab00000)
  object space 177664K, 99% used [0x00000000c0000000,0x00000000cad1b9a8,0x00000000cad80000)
 Metaspace       used 57436K, committed 58752K, reserved 1114112K
  class space    used 5985K, committed 6592K, reserved 1048576K
}
Event: 28.603 GC heap before
{Heap before GC invocations=89 (full 2):
 PSYoungGen      total 6144K, used 5860K [0x00000000eab00000, 0x00000000eb280000, 0x0000000100000000)
  eden space 4608K, 100% used [0x00000000eab00000,0x00000000eaf80000,0x00000000eaf80000)
  from space 1536K, 81% used [0x00000000eb100000,0x00000000eb2391a8,0x00000000eb280000)
  to   space 1536K, 0% used [0x00000000eaf80000,0x00000000eaf80000,0x00000000eb100000)
 ParOldGen       total 177664K, used 177262K [0x00000000c0000000, 0x00000000cad80000, 0x00000000eab00000)
  object space 177664K, 99% used [0x00000000c0000000,0x00000000cad1b9a8,0x00000000cad80000)
 Metaspace       used 57436K, committed 58752K, reserved 1114112K
  class space    used 5985K, committed 6592K, reserved 1048576K
}
Event: 28.607 GC heap after
{Heap after GC invocations=89 (full 2):
 PSYoungGen      total 6144K, used 1247K [0x00000000eab00000, 0x00000000eb280000, 0x0000000100000000)
  eden space 4608K, 0% used [0x00000000eab00000,0x00000000eab00000,0x00000000eaf80000)
  from space 1536K, 81% used [0x00000000eaf80000,0x00000000eb0b7eb8,0x00000000eb100000)
  to   space 1536K, 0% used [0x00000000eb100000,0x00000000eb100000,0x00000000eb280000)
 ParOldGen       total 178688K, used 178390K [0x00000000c0000000, 0x00000000cae80000, 0x00000000eab00000)
  object space 178688K, 99% used [0x00000000c0000000,0x00000000cae35a28,0x00000000cae80000)
 Metaspace       used 57436K, committed 58752K, reserved 1114112K
  class space    used 5985K, committed 6592K, reserved 1048576K
}
Event: 28.666 GC heap before
{Heap before GC invocations=90 (full 2):
 PSYoungGen      total 6144K, used 5855K [0x00000000eab00000, 0x00000000eb280000, 0x0000000100000000)
  eden space 4608K, 100% used [0x00000000eab00000,0x00000000eaf80000,0x00000000eaf80000)
  from space 1536K, 81% used [0x00000000eaf80000,0x00000000eb0b7eb8,0x00000000eb100000)
  to   space 1536K, 0% used [0x00000000eb100000,0x00000000eb100000,0x00000000eb280000)
 ParOldGen       total 178688K, used 178390K [0x00000000c0000000, 0x00000000cae80000, 0x00000000eab00000)
  object space 178688K, 99% used [0x00000000c0000000,0x00000000cae35a28,0x00000000cae80000)
 Metaspace       used 57436K, committed 58752K, reserved 1114112K
  class space    used 5985K, committed 6592K, reserved 1048576K
}
Event: 28.669 GC heap after
{Heap after GC invocations=90 (full 2):
 PSYoungGen      total 6144K, used 1313K [0x00000000eab00000, 0x00000000eb280000, 0x0000000100000000)
  eden space 4608K, 0% used [0x00000000eab00000,0x00000000eab00000,0x00000000eaf80000)
  from space 1536K, 85% used [0x00000000eb100000,0x00000000eb2484b8,0x00000000eb280000)
  to   space 1536K, 0% used [0x00000000eaf80000,0x00000000eaf80000,0x00000000eb100000)
 ParOldGen       total 179712K, used 179487K [0x00000000c0000000, 0x00000000caf80000, 0x00000000eab00000)
  object space 179712K, 99% used [0x00000000c0000000,0x00000000caf47f28,0x00000000caf80000)
 Metaspace       used 57436K, committed 58752K, reserved 1114112K
  class space    used 5985K, committed 6592K, reserved 1048576K
}
Event: 28.757 GC heap before
{Heap before GC invocations=91 (full 2):
 PSYoungGen      total 6144K, used 5921K [0x00000000eab00000, 0x00000000eb280000, 0x0000000100000000)
  eden space 4608K, 100% used [0x00000000eab00000,0x00000000eaf80000,0x00000000eaf80000)
  from space 1536K, 85% used [0x00000000eb100000,0x00000000eb2484b8,0x00000000eb280000)
  to   space 1536K, 0% used [0x00000000eaf80000,0x00000000eaf80000,0x00000000eb100000)
 ParOldGen       total 179712K, used 179487K [0x00000000c0000000, 0x00000000caf80000, 0x00000000eab00000)
  object space 179712K, 99% used [0x00000000c0000000,0x00000000caf47f28,0x00000000caf80000)
 Metaspace       used 57436K, committed 58752K, reserved 1114112K
  class space    used 5985K, committed 6592K, reserved 1048576K
}
Event: 28.760 GC heap after
{Heap after GC invocations=91 (full 2):
 PSYoungGen      total 6144K, used 1196K [0x00000000eab00000, 0x00000000eb280000, 0x0000000100000000)
  eden space 4608K, 0% used [0x00000000eab00000,0x00000000eab00000,0x00000000eaf80000)
  from space 1536K, 77% used [0x00000000eaf80000,0x00000000eb0ab2e0,0x00000000eb100000)
  to   space 1536K, 0% used [0x00000000eb100000,0x00000000eb100000,0x00000000eb280000)
 ParOldGen       total 180736K, used 180610K [0x00000000c0000000, 0x00000000cb080000, 0x00000000eab00000)
  object space 180736K, 99% used [0x00000000c0000000,0x00000000cb060b88,0x00000000cb080000)
 Metaspace       used 57436K, committed 58752K, reserved 1114112K
  class space    used 5985K, committed 6592K, reserved 1048576K
}
Event: 28.811 GC heap before
{Heap before GC invocations=92 (full 2):
 PSYoungGen      total 6144K, used 5804K [0x00000000eab00000, 0x00000000eb280000, 0x0000000100000000)
  eden space 4608K, 100% used [0x00000000eab00000,0x00000000eaf80000,0x00000000eaf80000)
  from space 1536K, 77% used [0x00000000eaf80000,0x00000000eb0ab2e0,0x00000000eb100000)
  to   space 1536K, 0% used [0x00000000eb100000,0x00000000eb100000,0x00000000eb280000)
 ParOldGen       total 180736K, used 180610K [0x00000000c0000000, 0x00000000cb080000, 0x00000000eab00000)
  object space 180736K, 99% used [0x00000000c0000000,0x00000000cb060b88,0x00000000cb080000)
 Metaspace       used 57436K, committed 58752K, reserved 1114112K
  class space    used 5985K, committed 6592K, reserved 1048576K
}
Event: 28.815 GC heap after
{Heap after GC invocations=92 (full 2):
 PSYoungGen      total 6144K, used 1200K [0x00000000eab00000, 0x00000000eb280000, 0x0000000100000000)
  eden space 4608K, 0% used [0x00000000eab00000,0x00000000eab00000,0x00000000eaf80000)
  from space 1536K, 78% used [0x00000000eb100000,0x00000000eb22c008,0x00000000eb280000)
  to   space 1536K, 0% used [0x00000000eaf80000,0x00000000eaf80000,0x00000000eb100000)
 ParOldGen       total 181760K, used 181685K [0x00000000c0000000, 0x00000000cb180000, 0x00000000eab00000)
  object space 181760K, 99% used [0x00000000c0000000,0x00000000cb16d758,0x00000000cb180000)
 Metaspace       used 57436K, committed 58752K, reserved 1114112K
  class space    used 5985K, committed 6592K, reserved 1048576K
}
Event: 28.858 GC heap before
{Heap before GC invocations=93 (full 2):
 PSYoungGen      total 6144K, used 5808K [0x00000000eab00000, 0x00000000eb280000, 0x0000000100000000)
  eden space 4608K, 100% used [0x00000000eab00000,0x00000000eaf80000,0x00000000eaf80000)
  from space 1536K, 78% used [0x00000000eb100000,0x00000000eb22c008,0x00000000eb280000)
  to   space 1536K, 0% used [0x00000000eaf80000,0x00000000eaf80000,0x00000000eb100000)
 ParOldGen       total 181760K, used 181685K [0x00000000c0000000, 0x00000000cb180000, 0x00000000eab00000)
  object space 181760K, 99% used [0x00000000c0000000,0x00000000cb16d758,0x00000000cb180000)
 Metaspace       used 57436K, committed 58752K, reserved 1114112K
  class space    used 5985K, committed 6592K, reserved 1048576K
}
Event: 28.861 GC heap after
{Heap after GC invocations=93 (full 2):
 PSYoungGen      total 6144K, used 1190K [0x00000000eab00000, 0x00000000eb280000, 0x0000000100000000)
  eden space 4608K, 0% used [0x00000000eab00000,0x00000000eab00000,0x00000000eaf80000)
  from space 1536K, 77% used [0x00000000eaf80000,0x00000000eb0a99c8,0x00000000eb100000)
  to   space 1536K, 0% used [0x00000000eb100000,0x00000000eb100000,0x00000000eb280000)
 ParOldGen       total 182784K, used 182762K [0x00000000c0000000, 0x00000000cb280000, 0x00000000eab00000)
  object space 182784K, 99% used [0x00000000c0000000,0x00000000cb27abd0,0x00000000cb280000)
 Metaspace       used 57436K, committed 58752K, reserved 1114112K
  class space    used 5985K, committed 6592K, reserved 1048576K
}
Event: 28.899 GC heap before
{Heap before GC invocations=94 (full 2):
 PSYoungGen      total 6144K, used 5798K [0x00000000eab00000, 0x00000000eb280000, 0x0000000100000000)
  eden space 4608K, 100% used [0x00000000eab00000,0x00000000eaf80000,0x00000000eaf80000)
  from space 1536K, 77% used [0x00000000eaf80000,0x00000000eb0a99c8,0x00000000eb100000)
  to   space 1536K, 0% used [0x00000000eb100000,0x00000000eb100000,0x00000000eb280000)
 ParOldGen       total 182784K, used 182762K [0x00000000c0000000, 0x00000000cb280000, 0x00000000eab00000)
  object space 182784K, 99% used [0x00000000c0000000,0x00000000cb27abd0,0x00000000cb280000)
 Metaspace       used 57436K, committed 58752K, reserved 1114112K
  class space    used 5985K, committed 6592K, reserved 1048576K
}

Dll operation events (10 events):
Event: 0.024 Loaded shared library c:\Users\abhil\.vscode\extensions\redhat.java-1.42.0-win32-x64\jre\21.0.7-win32-x86_64\bin\java.dll
Event: 0.196 Loaded shared library c:\Users\abhil\.vscode\extensions\redhat.java-1.42.0-win32-x64\jre\21.0.7-win32-x86_64\bin\zip.dll
Event: 0.238 Loaded shared library C:\Users\abhil\.vscode\extensions\redhat.java-1.42.0-win32-x64\jre\21.0.7-win32-x86_64\bin\instrument.dll
Event: 0.248 Loaded shared library C:\Users\abhil\.vscode\extensions\redhat.java-1.42.0-win32-x64\jre\21.0.7-win32-x86_64\bin\net.dll
Event: 0.254 Loaded shared library C:\Users\abhil\.vscode\extensions\redhat.java-1.42.0-win32-x64\jre\21.0.7-win32-x86_64\bin\nio.dll
Event: 0.260 Loaded shared library C:\Users\abhil\.vscode\extensions\redhat.java-1.42.0-win32-x64\jre\21.0.7-win32-x86_64\bin\zip.dll
Event: 0.291 Loaded shared library C:\Users\abhil\.vscode\extensions\redhat.java-1.42.0-win32-x64\jre\21.0.7-win32-x86_64\bin\jimage.dll
Event: 0.441 Loaded shared library c:\Users\abhil\.vscode\extensions\redhat.java-1.42.0-win32-x64\jre\21.0.7-win32-x86_64\bin\verify.dll
Event: 3.221 Loaded shared library C:\Users\abhil\AppData\Roaming\Code\User\globalStorage\redhat.java\1.42.0\config_win\org.eclipse.equinox.launcher\org.eclipse.equinox.launcher.win32.win32.x86_64_1.2.1300.v20250331-1702\eclipse_11911.dll
Event: 11.574 Loaded shared library C:\Users\abhil\AppData\Local\Temp\jna-92604362\jna2563187854638342116.dll

Deoptimization events (20 events):
Event: 27.900 Thread 0x000002d0fa202500 DEOPT PACKING pc=0x000002d0ef8ec488 sp=0x000000f11b9fe430
Event: 27.900 Thread 0x000002d0fa202500 DEOPT UNPACKING pc=0x000002d0eefa3aa2 sp=0x000000f11b9fe3d8 mode 2
Event: 27.905 Thread 0x000002d0fa202500 DEOPT PACKING pc=0x000002d0e868c467 sp=0x000000f11b9fdd50
Event: 27.905 Thread 0x000002d0fa202500 DEOPT UNPACKING pc=0x000002d0eefa4242 sp=0x000000f11b9fd2c0 mode 0
Event: 27.918 Thread 0x000002d0fa202500 DEOPT PACKING pc=0x000002d0e868c467 sp=0x000000f11b9fdd50
Event: 27.918 Thread 0x000002d0fa202500 DEOPT UNPACKING pc=0x000002d0eefa4242 sp=0x000000f11b9fd2c0 mode 0
Event: 27.938 Thread 0x000002d0fa202500 DEOPT PACKING pc=0x000002d0e868c467 sp=0x000000f11b9fdd50
Event: 27.938 Thread 0x000002d0fa202500 DEOPT UNPACKING pc=0x000002d0eefa4242 sp=0x000000f11b9fd2c0 mode 0
Event: 27.943 Thread 0x000002d0fa202500 DEOPT PACKING pc=0x000002d0e7d7bd46 sp=0x000000f11b9fdbd0
Event: 27.943 Thread 0x000002d0fa202500 DEOPT UNPACKING pc=0x000002d0eefa4242 sp=0x000000f11b9fd150 mode 0
Event: 27.956 Thread 0x000002d0fa202500 DEOPT PACKING pc=0x000002d0e868c467 sp=0x000000f11b9fdd50
Event: 27.956 Thread 0x000002d0fa202500 DEOPT UNPACKING pc=0x000002d0eefa4242 sp=0x000000f11b9fd2c0 mode 0
Event: 27.967 Thread 0x000002d0fa202500 DEOPT PACKING pc=0x000002d0e868c467 sp=0x000000f11b9fdd50
Event: 27.967 Thread 0x000002d0fa202500 DEOPT UNPACKING pc=0x000002d0eefa4242 sp=0x000000f11b9fd2c0 mode 0
Event: 28.014 Thread 0x000002d0fa202500 DEOPT PACKING pc=0x000002d0e7d7bd46 sp=0x000000f11b9fdbd0
Event: 28.014 Thread 0x000002d0fa202500 DEOPT UNPACKING pc=0x000002d0eefa4242 sp=0x000000f11b9fd150 mode 0
Event: 28.297 Thread 0x000002d0fa2038b0 Uncommon trap: trap_request=0xffffff45 fr.pc=0x000002d0ef90d804 relative=0x0000000000002724
Event: 28.297 Thread 0x000002d0fa2038b0 Uncommon trap: reason=unstable_if action=reinterpret pc=0x000002d0ef90d804 method=org.eclipse.jdt.internal.compiler.parser.Scanner.internalScanIdentifierOrKeyword(II[C)Lorg/eclipse/jdt/internal/compiler/parser/TerminalToken; @ 3 c2
Event: 28.297 Thread 0x000002d0fa2038b0 DEOPT PACKING pc=0x000002d0ef90d804 sp=0x000000f11b8fe820
Event: 28.297 Thread 0x000002d0fa2038b0 DEOPT UNPACKING pc=0x000002d0eefa3aa2 sp=0x000000f11b8fe7b8 mode 2

Classes loaded (20 events):
Event: 26.824 Loading class jdk/internal/module/IllegalAccessLogger
Event: 26.824 Loading class jdk/internal/module/IllegalAccessLogger done
Event: 26.849 Loading class java/util/concurrent/ArrayBlockingQueue
Event: 26.850 Loading class java/util/concurrent/ArrayBlockingQueue done
Event: 27.097 Loading class java/util/Hashtable$ValueCollection
Event: 27.099 Loading class java/util/Hashtable$ValueCollection done
Event: 27.108 Loading class java/util/concurrent/ConcurrentHashMap$KeySpliterator
Event: 27.109 Loading class java/util/concurrent/ConcurrentHashMap$KeySpliterator done
Event: 27.127 Loading class sun/nio/ch/ChannelOutputStream
Event: 27.129 Loading class sun/nio/ch/ChannelOutputStream done
Event: 27.253 Loading class java/util/stream/ReferencePipeline$4
Event: 27.253 Loading class java/util/stream/ReferencePipeline$4 done
Event: 27.255 Loading class java/util/stream/Nodes$IntFixedNodeBuilder
Event: 27.255 Loading class java/util/stream/Node$Builder$OfInt
Event: 27.255 Loading class java/util/stream/Node$Builder$OfInt done
Event: 27.255 Loading class java/util/stream/Nodes$IntArrayNode
Event: 27.255 Loading class java/util/stream/Nodes$IntArrayNode done
Event: 27.256 Loading class java/util/stream/Nodes$IntFixedNodeBuilder done
Event: 27.256 Loading class java/util/stream/ReferencePipeline$4$1
Event: 27.256 Loading class java/util/stream/ReferencePipeline$4$1 done

Classes unloaded (7 events):
Event: 12.914 Thread 0x000002d0f8c04970 Unloading class 0x000002d0811a4400 'java/lang/invoke/LambdaForm$MH+0x000002d0811a4400'
Event: 12.914 Thread 0x000002d0f8c04970 Unloading class 0x000002d0811a4000 'java/lang/invoke/LambdaForm$MH+0x000002d0811a4000'
Event: 12.914 Thread 0x000002d0f8c04970 Unloading class 0x000002d0811a3c00 'java/lang/invoke/LambdaForm$MH+0x000002d0811a3c00'
Event: 12.914 Thread 0x000002d0f8c04970 Unloading class 0x000002d0811a3800 'java/lang/invoke/LambdaForm$MH+0x000002d0811a3800'
Event: 12.914 Thread 0x000002d0f8c04970 Unloading class 0x000002d0811a3400 'java/lang/invoke/LambdaForm$BMH+0x000002d0811a3400'
Event: 12.914 Thread 0x000002d0f8c04970 Unloading class 0x000002d0811a3000 'java/lang/invoke/LambdaForm$DMH+0x000002d0811a3000'
Event: 12.914 Thread 0x000002d0f8c04970 Unloading class 0x000002d0811a1c00 'java/lang/invoke/LambdaForm$DMH+0x000002d0811a1c00'

Classes redefined (0 events):
No events

Internal exceptions (20 events):
Event: 22.578 Thread 0x000002d0c3afa8e0 Exception <a 'sun/nio/fs/WindowsException'{0x00000000eb295148}> (0x00000000eb295148) 
thrown [s\src\hotspot\share\prims\jni.cpp, line 520]
Event: 22.580 Thread 0x000002d0c3afa8e0 Exception <a 'sun/nio/fs/WindowsException'{0x00000000eb29a758}> (0x00000000eb29a758) 
thrown [s\src\hotspot\share\prims\jni.cpp, line 520]
Event: 22.582 Thread 0x000002d0c3b011e0 Exception <a 'sun/nio/fs/WindowsException'{0x00000000eb2a06f8}> (0x00000000eb2a06f8) 
thrown [s\src\hotspot\share\prims\jni.cpp, line 520]
Event: 22.583 Thread 0x000002d0c3b004c0 Exception <a 'sun/nio/fs/WindowsException'{0x00000000eb2d6828}> (0x00000000eb2d6828) 
thrown [s\src\hotspot\share\prims\jni.cpp, line 520]
Event: 22.588 Thread 0x000002d0c3afe3f0 Exception <a 'sun/nio/fs/WindowsException'{0x00000000eb2e1a80}> (0x00000000eb2e1a80) 
thrown [s\src\hotspot\share\prims\jni.cpp, line 520]
Event: 22.589 Thread 0x000002d0c3affe30 Exception <a 'sun/nio/fs/WindowsException'{0x00000000eb2f8ce0}> (0x00000000eb2f8ce0) 
thrown [s\src\hotspot\share\prims\jni.cpp, line 520]
Event: 22.589 Thread 0x000002d0c3b011e0 Exception <a 'sun/nio/fs/WindowsException'{0x00000000eb2a26d0}> (0x00000000eb2a26d0) 
thrown [s\src\hotspot\share\prims\jni.cpp, line 520]
Event: 22.589 Thread 0x000002d0c3afea80 Exception <a 'sun/nio/fs/WindowsException'{0x00000000eb2ed758}> (0x00000000eb2ed758) 
thrown [s\src\hotspot\share\prims\jni.cpp, line 520]
Event: 22.591 Thread 0x000002d0fa2017e0 Exception <a 'sun/nio/fs/WindowsException'{0x00000000eb30ec98}> (0x00000000eb30ec98) 
thrown [s\src\hotspot\share\prims\jni.cpp, line 520]
Event: 22.609 Thread 0x000002d0fa202500 Exception <a 'sun/nio/fs/WindowsException'{0x00000000eb375c98}> (0x00000000eb375c98) 
thrown [s\src\hotspot\share\prims\jni.cpp, line 520]
Event: 25.774 Thread 0x000002d0fa202500 Exception <a 'java/lang/NoSuchMethodError'{0x00000000eb248ec8}: 'int java.lang.invoke.DirectMethodHandle$Holder.invokeSpecialIFC(java.lang.Object, java.lang.Object, java.lang.Object)'> (0x00000000eb248ec8) 
thrown [s\src\hotspot\share\interpreter\linkResolver.cpp, line 773]
Event: 27.037 Thread 0x000002d0c3f87840 Exception <a 'java/lang/NoSuchMethodError'{0x00000000eb415df0}: 'void java.lang.invoke.DirectMethodHandle$Holder.invokeStatic(java.lang.Object, int, java.lang.Object)'> (0x00000000eb415df0) 
thrown [s\src\hotspot\share\interpreter\linkResolver.cpp, line 773]
Event: 27.115 Thread 0x000002d0fa202500 Exception <a 'java/lang/NoSuchMethodError'{0x00000000eb2a1860}: 'java.lang.Object java.lang.invoke.DirectMethodHandle$Holder.newInvokeSpecial(java.lang.Object, java.lang.Object, int, int, java.lang.Object)'> (0x00000000eb2a1860) 
thrown [s\src\hotspot\share\interpreter\linkResolver.cpp, line 773]
Event: 27.379 Thread 0x000002d0c3f87840 Exception <a 'java/lang/NoSuchMethodError'{0x00000000eb201870}: 'java.lang.Object java.lang.invoke.DirectMethodHandle$Holder.newInvokeSpecial(java.lang.Object, java.lang.Object, java.lang.Object, java.lang.Object, int)'> (0x00000000eb201870) 
thrown [s\src\hotspot\share\interpreter\linkResolver.cpp, line 773]
Event: 27.382 Thread 0x000002d0c3f87840 Exception <a 'java/lang/NoSuchMethodError'{0x00000000eb205a08}: 'java.lang.Object java.lang.invoke.DirectMethodHandle$Holder.invokeSpecial(java.lang.Object, java.lang.Object, java.lang.Object, java.lang.Object, java.lang.Object, int)'> (0x00000000eb205a08) 
thrown [s\src\hotspot\share\interpreter\linkResolver.cpp, line 773]
Event: 27.382 Thread 0x000002d0c3f87840 Exception <a 'java/lang/NoSuchMethodError'{0x00000000eb209838}: 'java.lang.Object java.lang.invoke.Invokers$Holder.linkToTargetMethod(java.lang.Object, java.lang.Object, java.lang.Object, int, java.lang.Object)'> (0x00000000eb209838) 
thrown [s\src\hotspot\share\interpreter\linkResolver.cpp, line 773]
Event: 27.510 Thread 0x000002d0c3f87840 Implicit null exception at 0x000002d0ef6fb6c6 to 0x000002d0ef6fb70f
Event: 27.860 Thread 0x000002d0fa202500 Exception <a 'sun/nio/fs/WindowsException'{0x00000000ead58c40}> (0x00000000ead58c40) 
thrown [s\src\hotspot\share\prims\jni.cpp, line 520]
Event: 27.861 Thread 0x000002d0c3f815d0 Exception <a 'sun/nio/fs/WindowsException'{0x00000000eada74a8}> (0x00000000eada74a8) 
thrown [s\src\hotspot\share\prims\jni.cpp, line 520]
Event: 27.864 Thread 0x000002d0c3afa8e0 Exception <a 'sun/nio/fs/WindowsException'{0x00000000eaddbc78}> (0x00000000eaddbc78) 
thrown [s\src\hotspot\share\prims\jni.cpp, line 520]

ZGC Phase Switch (0 events):
No events

VM Operations (20 events):
Event: 28.266 Executing VM operation: ParallelGCFailedAllocation (Allocation Failure) done
Event: 28.342 Executing VM operation: ParallelGCFailedAllocation (Allocation Failure)
Event: 28.346 Executing VM operation: ParallelGCFailedAllocation (Allocation Failure) done
Event: 28.428 Executing VM operation: ParallelGCFailedAllocation (Allocation Failure)
Event: 28.435 Executing VM operation: ParallelGCFailedAllocation (Allocation Failure) done
Event: 28.489 Executing VM operation: ParallelGCFailedAllocation (Allocation Failure)
Event: 28.494 Executing VM operation: ParallelGCFailedAllocation (Allocation Failure) done
Event: 28.536 Executing VM operation: ParallelGCFailedAllocation (Allocation Failure)
Event: 28.539 Executing VM operation: ParallelGCFailedAllocation (Allocation Failure) done
Event: 28.603 Executing VM operation: ParallelGCFailedAllocation (Allocation Failure)
Event: 28.607 Executing VM operation: ParallelGCFailedAllocation (Allocation Failure) done
Event: 28.666 Executing VM operation: ParallelGCFailedAllocation (Allocation Failure)
Event: 28.669 Executing VM operation: ParallelGCFailedAllocation (Allocation Failure) done
Event: 28.757 Executing VM operation: ParallelGCFailedAllocation (Allocation Failure)
Event: 28.760 Executing VM operation: ParallelGCFailedAllocation (Allocation Failure) done
Event: 28.811 Executing VM operation: ParallelGCFailedAllocation (Allocation Failure)
Event: 28.815 Executing VM operation: ParallelGCFailedAllocation (Allocation Failure) done
Event: 28.858 Executing VM operation: ParallelGCFailedAllocation (Allocation Failure)
Event: 28.861 Executing VM operation: ParallelGCFailedAllocation (Allocation Failure) done
Event: 28.899 Executing VM operation: ParallelGCFailedAllocation (Allocation Failure)

Memory protections (0 events):
No events

Nmethod flushes (20 events):
Event: 15.612 Thread 0x000002d0f8c04970 flushing  nmethod 0x000002d0e80d6e90
Event: 15.612 Thread 0x000002d0f8c04970 flushing  nmethod 0x000002d0e80d8090
Event: 15.612 Thread 0x000002d0f8c04970 flushing  nmethod 0x000002d0e80d8890
Event: 15.612 Thread 0x000002d0f8c04970 flushing  nmethod 0x000002d0e80d9010
Event: 15.612 Thread 0x000002d0f8c04970 flushing  nmethod 0x000002d0e80db510
Event: 15.612 Thread 0x000002d0f8c04970 flushing  nmethod 0x000002d0e80dbe10
Event: 15.612 Thread 0x000002d0f8c04970 flushing  nmethod 0x000002d0e80dcb10
Event: 15.612 Thread 0x000002d0f8c04970 flushing  nmethod 0x000002d0e80ddc10
Event: 15.612 Thread 0x000002d0f8c04970 flushing  nmethod 0x000002d0e80deb90
Event: 15.612 Thread 0x000002d0f8c04970 flushing  nmethod 0x000002d0e80dfe10
Event: 15.612 Thread 0x000002d0f8c04970 flushing  nmethod 0x000002d0e80fe210
Event: 15.612 Thread 0x000002d0f8c04970 flushing  nmethod 0x000002d0e8112e90
Event: 15.612 Thread 0x000002d0f8c04970 flushing  nmethod 0x000002d0e811c290
Event: 15.612 Thread 0x000002d0f8c04970 flushing  nmethod 0x000002d0e8171610
Event: 15.612 Thread 0x000002d0f8c04970 flushing  nmethod 0x000002d0e8173f10
Event: 15.612 Thread 0x000002d0f8c04970 flushing  nmethod 0x000002d0e819ea90
Event: 15.612 Thread 0x000002d0f8c04970 flushing  nmethod 0x000002d0e81b5590
Event: 15.612 Thread 0x000002d0f8c04970 flushing  nmethod 0x000002d0e81d9d90
Event: 15.612 Thread 0x000002d0f8c04970 flushing  nmethod 0x000002d0e81ec810
Event: 15.612 Thread 0x000002d0f8c04970 flushing  nmethod 0x000002d0e81ecc90

Events (20 events):
Event: 22.711 Thread 0x000002d0fa202500 Thread added: 0x000002d0c3f83010
Event: 22.712 Thread 0x000002d0fa202500 Thread added: 0x000002d0c3f81c60
Event: 22.712 Thread 0x000002d0fa202500 Thread added: 0x000002d0c3f83d30
Event: 22.713 Thread 0x000002d0c3f83010 Thread added: 0x000002d0c3f85770
Event: 22.713 Thread 0x000002d0c3f850e0 Thread added: 0x000002d0c3f836a0
Event: 22.714 Thread 0x000002d0c3f85770 Thread added: 0x000002d0c3f843c0
Event: 22.714 Thread 0x000002d0c3f81c60 Thread added: 0x000002d0c3f84a50
Event: 22.714 Thread 0x000002d0fa202500 Thread added: 0x000002d0c3f822f0
Event: 22.714 Thread 0x000002d0fa202500 Thread added: 0x000002d0c3f871b0
Event: 26.851 Thread 0x000002d0fa202500 Thread added: 0x000002d0c3f87840
Event: 27.118 Thread 0x000002d0fa202500 Thread added: 0x000002d0c3f88560
Event: 27.232 Thread 0x000002d0fa202500 Thread added: 0x000002d0c3f87ed0
Event: 27.254 Thread 0x000002d0fa202500 Thread added: 0x000002d0c3f85e00
Event: 27.460 Thread 0x000002d0fa202500 Thread added: 0x000002d0c3f86490
Event: 27.476 Thread 0x000002d0fa202500 Thread added: 0x000002d0c3f86b20
Event: 27.497 Thread 0x000002d0fa202500 Thread added: 0x000002d0c3eafb00
Event: 27.498 Thread 0x000002d0fa202500 Thread added: 0x000002d0c3ead3a0
Event: 27.579 Thread 0x000002d0fa202500 Thread added: 0x000002d0c3eae0c0
Event: 27.605 Thread 0x000002d0fa202500 Thread added: 0x000002d0c3eacd10
Event: 27.605 Thread 0x000002d0fa202500 Thread added: 0x000002d0c3eac680


Dynamic libraries:
0x00007ff6e0bc0000 - 0x00007ff6e0bce000 	c:\Users\abhil\.vscode\extensions\redhat.java-1.42.0-win32-x64\jre\21.0.7-win32-x86_64\bin\java.exe
0x00007fffb1d20000 - 0x00007fffb1f88000 	C:\WINDOWS\SYSTEM32\ntdll.dll
0x00007fffafe80000 - 0x00007fffaff49000 	C:\WINDOWS\System32\KERNEL32.DLL
0x00007fffaee70000 - 0x00007fffaf25b000 	C:\WINDOWS\System32\KERNELBASE.dll
0x00007fffaf4a0000 - 0x00007fffaf5eb000 	C:\WINDOWS\System32\ucrtbase.dll
0x00007fff936e0000 - 0x00007fff936f8000 	c:\Users\abhil\.vscode\extensions\redhat.java-1.42.0-win32-x64\jre\21.0.7-win32-x86_64\bin\jli.dll
0x00007fff9b550000 - 0x00007fff9b56e000 	c:\Users\abhil\.vscode\extensions\redhat.java-1.42.0-win32-x64\jre\21.0.7-win32-x86_64\bin\VCRUNTIME140.dll
0x00007fffb14f0000 - 0x00007fffb16ba000 	C:\WINDOWS\System32\USER32.dll
0x00007fffaf820000 - 0x00007fffaf847000 	C:\WINDOWS\System32\win32u.dll
0x00007fff9b250000 - 0x00007fff9b4ea000 	C:\WINDOWS\WinSxS\amd64_microsoft.windows.common-controls_6595b64144ccf1df_6.0.26100.3962_none_3e0c97aee3309231\COMCTL32.dll
0x00007fffafe50000 - 0x00007fffafe7b000 	C:\WINDOWS\System32\GDI32.dll
0x00007fffb1bd0000 - 0x00007fffb1c79000 	C:\WINDOWS\System32\msvcrt.dll
0x00007fffaf8f0000 - 0x00007fffafa27000 	C:\WINDOWS\System32\gdi32full.dll
0x00007fffaf770000 - 0x00007fffaf813000 	C:\WINDOWS\System32\msvcp_win.dll
0x00007fffb1b90000 - 0x00007fffb1bc0000 	C:\WINDOWS\System32\IMM32.DLL
0x00007fff936d0000 - 0x00007fff936dc000 	c:\Users\abhil\.vscode\extensions\redhat.java-1.42.0-win32-x64\jre\21.0.7-win32-x86_64\bin\vcruntime140_1.dll
0x00007fff68b00000 - 0x00007fff68b8d000 	c:\Users\abhil\.vscode\extensions\redhat.java-1.42.0-win32-x64\jre\21.0.7-win32-x86_64\bin\msvcp140.dll
0x00007ffef3ac0000 - 0x00007ffef4850000 	c:\Users\abhil\.vscode\extensions\redhat.java-1.42.0-win32-x64\jre\21.0.7-win32-x86_64\bin\server\jvm.dll
0x00007fffb10c0000 - 0x00007fffb1174000 	C:\WINDOWS\System32\ADVAPI32.dll
0x00007fffb19b0000 - 0x00007fffb1a56000 	C:\WINDOWS\System32\sechost.dll
0x00007fffb05d0000 - 0x00007fffb06e5000 	C:\WINDOWS\System32\RPCRT4.dll
0x00007fffb06f0000 - 0x00007fffb0764000 	C:\WINDOWS\System32\WS2_32.dll
0x00007fffa60a0000 - 0x00007fffa60d5000 	C:\WINDOWS\SYSTEM32\WINMM.dll
0x00007fffaecc0000 - 0x00007fffaed1e000 	C:\WINDOWS\SYSTEM32\POWRPROF.dll
0x00007fffa7470000 - 0x00007fffa747b000 	C:\WINDOWS\SYSTEM32\VERSION.dll
0x00007fffaeca0000 - 0x00007fffaecb4000 	C:\WINDOWS\SYSTEM32\UMPDC.dll
0x00007fffadc20000 - 0x00007fffadc3b000 	C:\WINDOWS\SYSTEM32\kernel.appcore.dll
0x00007fff902b0000 - 0x00007fff902ba000 	c:\Users\abhil\.vscode\extensions\redhat.java-1.42.0-win32-x64\jre\21.0.7-win32-x86_64\bin\jimage.dll
0x00007fffac7f0000 - 0x00007fffaca31000 	C:\WINDOWS\SYSTEM32\DBGHELP.DLL
0x00007fffafac0000 - 0x00007fffafe46000 	C:\WINDOWS\System32\combase.dll
0x00007fffb16c0000 - 0x00007fffb17a1000 	C:\WINDOWS\System32\OLEAUT32.dll
0x00007fff928a0000 - 0x00007fff928e3000 	C:\WINDOWS\SYSTEM32\dbgcore.DLL
0x00007fffaf850000 - 0x00007fffaf8e9000 	C:\WINDOWS\System32\bcryptPrimitives.dll
0x00007fff90150000 - 0x00007fff9015f000 	c:\Users\abhil\.vscode\extensions\redhat.java-1.42.0-win32-x64\jre\21.0.7-win32-x86_64\bin\instrument.dll
0x00007fff90130000 - 0x00007fff9014f000 	c:\Users\abhil\.vscode\extensions\redhat.java-1.42.0-win32-x64\jre\21.0.7-win32-x86_64\bin\java.dll
0x00007fffb0940000 - 0x00007fffb1088000 	C:\WINDOWS\System32\SHELL32.dll
0x00007fffaf5f0000 - 0x00007fffaf764000 	C:\WINDOWS\System32\wintypes.dll
0x00007fffacab0000 - 0x00007fffad30b000 	C:\WINDOWS\SYSTEM32\windows.storage.dll
0x00007fffb18b0000 - 0x00007fffb19a3000 	C:\WINDOWS\System32\SHCORE.dll
0x00007fffb1840000 - 0x00007fffb18aa000 	C:\WINDOWS\System32\shlwapi.dll
0x00007fffaed80000 - 0x00007fffaedaf000 	C:\WINDOWS\SYSTEM32\profapi.dll
0x00007fff89d10000 - 0x00007fff89d28000 	c:\Users\abhil\.vscode\extensions\redhat.java-1.42.0-win32-x64\jre\21.0.7-win32-x86_64\bin\zip.dll
0x00007fff89d00000 - 0x00007fff89d10000 	C:\Users\abhil\.vscode\extensions\redhat.java-1.42.0-win32-x64\jre\21.0.7-win32-x86_64\bin\net.dll
0x00007fffa71f0000 - 0x00007fffa730e000 	C:\WINDOWS\SYSTEM32\WINHTTP.dll
0x00007fffae1a0000 - 0x00007fffae20a000 	C:\WINDOWS\system32\mswsock.dll
0x00007fff894a0000 - 0x00007fff894b6000 	C:\Users\abhil\.vscode\extensions\redhat.java-1.42.0-win32-x64\jre\21.0.7-win32-x86_64\bin\nio.dll
0x00007fff89490000 - 0x00007fff894a0000 	c:\Users\abhil\.vscode\extensions\redhat.java-1.42.0-win32-x64\jre\21.0.7-win32-x86_64\bin\verify.dll
0x00007fff68ab0000 - 0x00007fff68af5000 	C:\Users\abhil\AppData\Roaming\Code\User\globalStorage\redhat.java\1.42.0\config_win\org.eclipse.equinox.launcher\org.eclipse.equinox.launcher.win32.win32.x86_64_1.2.1300.v20250331-1702\eclipse_11911.dll
0x00007fffb0770000 - 0x00007fffb090e000 	C:\WINDOWS\System32\ole32.dll
0x00007fffae450000 - 0x00007fffae46b000 	C:\WINDOWS\SYSTEM32\CRYPTSP.dll
0x00007fffadb80000 - 0x00007fffadbba000 	C:\WINDOWS\system32\rsaenh.dll
0x00007fffae240000 - 0x00007fffae26b000 	C:\WINDOWS\SYSTEM32\USERENV.dll
0x00007fffaed50000 - 0x00007fffaed76000 	C:\WINDOWS\SYSTEM32\bcrypt.dll
0x00007fffae470000 - 0x00007fffae47c000 	C:\WINDOWS\SYSTEM32\CRYPTBASE.dll
0x00007fffad610000 - 0x00007fffad643000 	C:\WINDOWS\SYSTEM32\IPHLPAPI.DLL
0x00007fffb1cd0000 - 0x00007fffb1cda000 	C:\WINDOWS\System32\NSI.dll
0x00007fff52ab0000 - 0x00007fff52af9000 	C:\Users\abhil\AppData\Local\Temp\jna-92604362\jna2563187854638342116.dll
0x00007fffb1300000 - 0x00007fffb1308000 	C:\WINDOWS\System32\PSAPI.DLL
0x00007fffa3ab0000 - 0x00007fffa3acb000 	\\?\C:\WINDOWS\system32\MpeHttpExt.dll
0x00007fffa7050000 - 0x00007fffa706f000 	C:\WINDOWS\SYSTEM32\dhcpcsvc6.DLL
0x00007fffa7020000 - 0x00007fffa7045000 	C:\WINDOWS\SYSTEM32\dhcpcsvc.DLL

dbghelp: loaded successfully - version: 4.0.5 - missing functions: none
symbol engine: initialized successfully - sym options: 0x614 - pdb path: .;c:\Users\abhil\.vscode\extensions\redhat.java-1.42.0-win32-x64\jre\21.0.7-win32-x86_64\bin;C:\WINDOWS\SYSTEM32;C:\WINDOWS\WinSxS\amd64_microsoft.windows.common-controls_6595b64144ccf1df_6.0.26100.3962_none_3e0c97aee3309231;c:\Users\abhil\.vscode\extensions\redhat.java-1.42.0-win32-x64\jre\21.0.7-win32-x86_64\bin\server;C:\Users\abhil\AppData\Roaming\Code\User\globalStorage\redhat.java\1.42.0\config_win\org.eclipse.equinox.launcher\org.eclipse.equinox.launcher.win32.win32.x86_64_1.2.1300.v20250331-1702;C:\Users\abhil\AppData\Local\Temp\jna-92604362;\\?\C:\WINDOWS\system32

VM Arguments:
jvm_args: --add-modules=ALL-SYSTEM --add-opens=java.base/java.util=ALL-UNNAMED --add-opens=java.base/java.lang=ALL-UNNAMED --add-opens=java.base/sun.nio.fs=ALL-UNNAMED -Declipse.application=org.eclipse.jdt.ls.core.id1 -Dosgi.bundles.defaultStartLevel=4 -Declipse.product=org.eclipse.jdt.ls.core.product -Djava.import.generatesMetadataFilesAtProjectRoot=false -DDetectVMInstallationsJob.disabled=true -Dfile.encoding=utf8 -XX:+UseParallelGC -XX:GCTimeRatio=4 -XX:AdaptiveSizePolicyWeight=90 -Dsun.zip.disableMemoryMapping=true -Xmx1G -Xms100m -Xlog:disable -javaagent:c:\Users\abhil\.vscode\extensions\redhat.java-1.42.0-win32-x64\lombok\lombok-1.18.36.jar -XX:+HeapDumpOnOutOfMemoryError -XX:HeapDumpPath=c:\Users\abhil\AppData\Roaming\Code\User\workspaceStorage\976fcf1d592716d10fd6e88e634f2691\redhat.java -Daether.dependencyCollector.impl=bf 
java_command: c:\Users\abhil\.vscode\extensions\redhat.java-1.42.0-win32-x64\server\plugins\org.eclipse.equinox.launcher_1.7.0.v20250424-1814.jar -configuration c:\Users\abhil\AppData\Roaming\Code\User\globalStorage\redhat.java\1.42.0\config_win -data c:\Users\abhil\AppData\Roaming\Code\User\workspaceStorage\976fcf1d592716d10fd6e88e634f2691\redhat.java\jdt_ws --pipe=\\.\pipe\lsp-1caaae4c6b15750ad71882fecaffb570-sock
java_class_path (initial): c:\Users\abhil\.vscode\extensions\redhat.java-1.42.0-win32-x64\server\plugins\org.eclipse.equinox.launcher_1.7.0.v20250424-1814.jar
Launcher Type: SUN_STANDARD

[Global flags]
    uintx AdaptiveSizePolicyWeight                 = 90                                        {product} {command line}
     intx CICompilerCount                          = 4                                         {product} {ergonomic}
    uintx GCTimeRatio                              = 4                                         {product} {command line}
     bool HeapDumpOnOutOfMemoryError               = true                                   {manageable} {command line}
    ccstr HeapDumpPath                             = c:\Users\abhil\AppData\Roaming\Code\User\workspaceStorage\976fcf1d592716d10fd6e88e634f2691\redhat.java         {manageable} {command line}
   size_t InitialHeapSize                          = 104857600                                 {product} {command line}
   size_t MaxHeapSize                              = 1073741824                                {product} {command line}
   size_t MaxNewSize                               = 357564416                                 {product} {ergonomic}
   size_t MinHeapDeltaBytes                        = 524288                                    {product} {ergonomic}
   size_t MinHeapSize                              = 104857600                                 {product} {command line}
   size_t NewSize                                  = 34603008                                  {product} {ergonomic}
    uintx NonNMethodCodeHeapSize                   = 5839372                                {pd product} {ergonomic}
    uintx NonProfiledCodeHeapSize                  = 122909434                              {pd product} {ergonomic}
   size_t OldSize                                  = 70254592                                  {product} {ergonomic}
    uintx ProfiledCodeHeapSize                     = 122909434                              {pd product} {ergonomic}
    uintx ReservedCodeCacheSize                    = 251658240                              {pd product} {ergonomic}
     bool SegmentedCodeCache                       = true                                      {product} {ergonomic}
   size_t SoftMaxHeapSize                          = 1073741824                             {manageable} {ergonomic}
     bool UseCompressedOops                        = true                           {product lp64_product} {ergonomic}
     bool UseLargePagesIndividualAllocation        = false                                  {pd product} {ergonomic}
     bool UseParallelGC                            = true                                      {product} {command line}

Logging:
Log output configuration:
 #0: stdout all=off uptime,level,tags foldmultilines=false
 #1: stderr all=off uptime,level,tags foldmultilines=false

Environment Variables:
JAVA_HOME=C:\Program Files\Amazon Corretto\jdk21.0.4_7
PATH=D:\oracle\product\10.2.0\db_1\bin;C:\Program Files\Amazon Corretto\jdk21.0.4_7\bin;C:\MinGW\bin;C:\Program Files\Common Files\Oracle\Java\javapath;C:\Program Files\MiKTeX\miktex\bin\x64\;C:\WINDOWS\system32;C:\WINDOWS;C:\WINDOWS\System32\Wbem;C:\WINDOWS\System32\WindowsPowerShell\v1.0\;C:\WINDOWS\System32\OpenSSH\;C:\Program Files\Git\cmd;C:\Users\abhil\AppData\Roaming\Microsoft\Windows\Start Menu\Programs\Python 3.10;C:\Users\abhil\Downloads\pandoc-3.2.1-windows-x86_64\pandoc-3.2.1;C:\ProgramData\chocolatey\bin;C:\Program Files\LLVM\bin;C:\ffmpeg\bin;C:\Users\abhil\AppData\Local\nvm;C:\nvm4w\nodejs;C:\Program Files\PostgreSQL\17\bin;C:\ProgramData\chocolatey\lib\maven\apache-maven-3.9.9\bin;C:\Program Files\Docker\Docker\resources\bin;C:\Users\abhil\AppData\Local\Programs\Python\Python39\Scripts\;C:\Users\abhil\AppData\Local\Programs\Python\Python39\;C:\Program Files\MySQL\MySQL Shell 8.0\bin\;C:\Users\abhil\AppData\Local\Programs\Python\Python312\Scripts\;C:\Users\abhil\AppData\Local\Programs\Python\Python312\;C:\Users\abhil\AppData\Local\Microsoft\WindowsApps;C:\Users\abhil\AppData\Local\Programs\Microsoft VS Code\bin;C:\Program Files\JetBrains\PyCharm 2023.2.1\bin;;C:\Program Files\JetBrains\PyCharm Community Edition 2023.2.1\bin;;C:\ProgramData\Microsoft\Windows\Start Menu\Programs\JetBrains;C:\Users\abhil\AppData\Local\GitHubDesktop\bin;C:\Users\abhil\AppData\Local\Programs\cursor\resources\app\bin;C:\Users\abhil\AppData\Roaming\npm;C:\Users\abhil\AppData\Local\nvm;C:\nvm4w\nodejs
USERNAME=abhil
OS=Windows_NT
PROCESSOR_IDENTIFIER=AMD64 Family 23 Model 104 Stepping 1, AuthenticAMD
TMP=C:\Users\abhil\AppData\Local\Temp
TEMP=C:\Users\abhil\AppData\Local\Temp




Periodic native trim disabled

---------------  S Y S T E M  ---------------

OS:
 Windows 11 , 64 bit Build 26100 (10.0.26100.4250)
OS uptime: 1 days 0:09 hours
Hyper-V role detected

CPU: total 12 (initial active 12) (12 cores per cpu, 2 threads per core) family 23 model 104 stepping 1 microcode 0x8608103, cx8, cmov, fxsr, ht, mmx, 3dnowpref, sse, sse2, sse3, ssse3, sse4a, sse4.1, sse4.2, popcnt, lzcnt, tsc, tscinvbit, avx, avx2, aes, clmul, bmi1, bmi2, adx, sha, fma, vzeroupper, clflush, clflushopt, hv, rdtscp, rdpid, f16c
Processor Information for the first 12 processors :
  Max Mhz: 2100, Current Mhz: 1893, Mhz Limit: 2100

Memory: 4k page, system-wide physical 6005M (240M free)
TotalPageFile size 24437M (AvailPageFile size 20M)
current process WorkingSet (physical memory assigned to process): 360M, peak: 374M
current process commit charge ("private bytes"): 443M, peak: 444M

vm_info: OpenJDK 64-Bit Server VM (21.0.7+6-LTS) for windows-amd64 JRE (21.0.7+6-LTS), built on 2025-04-15T00:00:00Z by "admin" with MS VC++ 17.7 (VS2022)

END.
