#
# There is insufficient memory for the Java Runtime Environment to continue.
# Native memory allocation (malloc) failed to allocate 2102688 bytes. Error detail: Chunk::new
# Possible reasons:
#   The system is out of physical RAM or swap space
#   This process is running with CompressedOops enabled, and the Java Heap may be blocking the growth of the native heap
# Possible solutions:
#   Reduce memory load on the system
#   Increase physical memory or swap space
#   Check if swap backing store is full
#   Decrease Java heap size (-Xmx/-Xms)
#   Decrease number of Java threads
#   Decrease Java thread stack sizes (-Xss)
#   Set larger code cache with -XX:ReservedCodeCacheSize=
#   JVM is running with Unscaled Compressed Oops mode in which the Java heap is
#     placed in the first 4GB address space. The Java Heap base address is the
#     maximum limit for the native heap growth. Please use -XX:HeapBaseMinAddress
#     to set the Java Heap base and to place the Java Heap above 4GB virtual address.
# This output file may be truncated or incomplete.
#
#  Out of Memory Error (arena.cpp:168), pid=21116, tid=18124
#
# JRE version: OpenJDK Runtime Environment Temurin-21.0.7+6 (21.0.7+6) (build 21.0.7+6-LTS)
# Java VM: OpenJDK 64-Bit Server VM Temurin-21.0.7+6 (21.0.7+6-LTS, mixed mode, sharing, tiered, compressed oops, compressed class ptrs, parallel gc, windows-amd64)
# No core dump will be written. Minidumps are not enabled by default on client versions of Windows
#

---------------  S U M M A R Y ------------

Command Line: --add-modules=ALL-SYSTEM --add-opens=java.base/java.util=ALL-UNNAMED --add-opens=java.base/java.lang=ALL-UNNAMED --add-opens=java.base/sun.nio.fs=ALL-UNNAMED -Declipse.application=org.eclipse.jdt.ls.core.id1 -Dosgi.bundles.defaultStartLevel=4 -Declipse.product=org.eclipse.jdt.ls.core.product -Djava.import.generatesMetadataFilesAtProjectRoot=false -DDetectVMInstallationsJob.disabled=true -Dfile.encoding=utf8 -XX:+UseParallelGC -XX:GCTimeRatio=4 -XX:AdaptiveSizePolicyWeight=90 -Dsun.zip.disableMemoryMapping=true -Xmx1G -Xms100m -Xlog:disable -javaagent:c:\Users\abhil\.vscode\extensions\redhat.java-1.42.0-win32-x64\lombok\lombok-1.18.36.jar -XX:+HeapDumpOnOutOfMemoryError -XX:HeapDumpPath=c:\Users\abhil\AppData\Roaming\Code\User\workspaceStorage\976fcf1d592716d10fd6e88e634f2691\redhat.java -Daether.dependencyCollector.impl=bf c:\Users\abhil\.vscode\extensions\redhat.java-1.42.0-win32-x64\server\plugins\org.eclipse.equinox.launcher_1.7.0.v20250424-1814.jar -configuration c:\Users\abhil\AppData\Roaming\Code\User\globalStorage\redhat.java\1.42.0\config_win -data c:\Users\abhil\AppData\Roaming\Code\User\workspaceStorage\976fcf1d592716d10fd6e88e634f2691\redhat.java\jdt_ws --pipe=\\.\pipe\lsp-8458bf61605b069349ce29cebaa19c15-sock

Host: AMD Ryzen 5 5500U with Radeon Graphics         , 12 cores, 5G,  Windows 11 , 64 bit Build 26100 (10.0.26100.4250)
Time: Sat Jun 14 14:26:20 2025 India Standard Time elapsed time: 37.434167 seconds (0d 0h 0m 37s)

---------------  T H R E A D  ---------------

Current thread (0x00000218645ce380):  JavaThread "C2 CompilerThread0" daemon [_thread_in_native, id=18124, stack(0x000000b6b6f00000,0x000000b6b7000000) (1024K)]


Current CompileTask:
C2:37434 11590   !   4       org.eclipse.jdt.internal.core.search.indexing.BinaryIndexer::indexDocument (1168 bytes)

Stack: [0x000000b6b6f00000,0x000000b6b7000000]
Native frames: (J=compiled Java code, j=interpreted, Vv=VM code, C=native code)
V  [jvm.dll+0x6ce119]
V  [jvm.dll+0x8a84a1]
V  [jvm.dll+0x8aa9ce]
V  [jvm.dll+0x8ab0b3]
V  [jvm.dll+0x27f8a6]
V  [jvm.dll+0xc507d]
V  [jvm.dll+0xc55b3]
V  [jvm.dll+0x3b692c]
V  [jvm.dll+0x382aa5]
V  [jvm.dll+0x381f0a]
V  [jvm.dll+0x247af0]
V  [jvm.dll+0x2470cf]
V  [jvm.dll+0x1c760e]
V  [jvm.dll+0x25695a]
V  [jvm.dll+0x254efa]
V  [jvm.dll+0x3f03f6]
V  [jvm.dll+0x851f6b]
V  [jvm.dll+0x6cc7dd]
C  [ucrtbase.dll+0x37b0]
C  [KERNEL32.DLL+0x2e8d7]
C  [ntdll.dll+0x3c34c]


---------------  P R O C E S S  ---------------

Threads class SMR info:
_java_thread_list=0x000002187f0083e0, length=81, elements={
0x0000021863ffc5d0, 0x00000218645c5380, 0x000002187a66d950, 0x00000218645c9300,
0x00000218645c9f50, 0x00000218645caba0, 0x00000218645cd600, 0x00000218645ce380,
0x000002187bb2fdc0, 0x000002186458b170, 0x000002187be2b880, 0x000002187d02a490,
0x000002187d51a010, 0x000002187d2039d0, 0x000002187d6de830, 0x000002187d5c9680,
0x000002187caf7800, 0x000002187cf10c60, 0x000002187cf105d0, 0x000002187cf11980,
0x000002187cf0ff40, 0x000002187cf0f220, 0x000002187cf0f8b0, 0x000002187cf12010,
0x000002187cf126a0, 0x000002187cf112f0, 0x00000218465d9f80, 0x00000218465d8540,
0x00000218465d7190, 0x00000218465d9260, 0x00000218465d8bd0, 0x00000218465d6b00,
0x00000218465d98f0, 0x00000218465da610, 0x00000218465d7eb0, 0x00000218465daca0,
0x00000218465d7820, 0x00000218465dc6e0, 0x00000218465dc050, 0x00000218465dda90,
0x00000218465db330, 0x00000218465de120, 0x00000218465dd400, 0x00000218455864d0,
0x00000218455871f0, 0x0000021845584a90, 0x0000021845584400, 0x0000021845587f10,
0x0000021845587880, 0x00000218455885a0, 0x0000021845585120, 0x00000218455857b0,
0x0000021845586b60, 0x00000218455892c0, 0x0000021845585e40, 0x0000021845589950,
0x0000021845589fe0, 0x000002184558a670, 0x000002184558ad00, 0x000002184558b390,
0x000002184558ba20, 0x0000021845519960, 0x000002184551ba30, 0x000002184551ad10,
0x00000218455192d0, 0x0000021845518c40, 0x0000021845519ff0, 0x00000218455185b0,
0x000002184551c750, 0x000002184551c0c0, 0x000002184551b3a0, 0x000002184551db00,
0x000002184551a680, 0x000002184551e820, 0x000002184551e190, 0x000002187eda38d0,
0x000002187eda59a0, 0x000002187eda5310, 0x000002187eda45f0, 0x0000021845869c30,
0x000002184635ef30
}

Java Threads: ( => current thread )
  0x0000021863ffc5d0 JavaThread "main"                              [_thread_blocked, id=18940, stack(0x000000b6b6500000,0x000000b6b6600000) (1024K)]
  0x00000218645c5380 JavaThread "Reference Handler"          daemon [_thread_blocked, id=4292, stack(0x000000b6b6900000,0x000000b6b6a00000) (1024K)]
  0x000002187a66d950 JavaThread "Finalizer"                  daemon [_thread_blocked, id=26764, stack(0x000000b6b6a00000,0x000000b6b6b00000) (1024K)]
  0x00000218645c9300 JavaThread "Signal Dispatcher"          daemon [_thread_blocked, id=12040, stack(0x000000b6b6b00000,0x000000b6b6c00000) (1024K)]
  0x00000218645c9f50 JavaThread "Attach Listener"            daemon [_thread_blocked, id=12564, stack(0x000000b6b6c00000,0x000000b6b6d00000) (1024K)]
  0x00000218645caba0 JavaThread "Service Thread"             daemon [_thread_blocked, id=11340, stack(0x000000b6b6d00000,0x000000b6b6e00000) (1024K)]
  0x00000218645cd600 JavaThread "Monitor Deflation Thread"   daemon [_thread_blocked, id=12636, stack(0x000000b6b6e00000,0x000000b6b6f00000) (1024K)]
=>0x00000218645ce380 JavaThread "C2 CompilerThread0"         daemon [_thread_in_native, id=18124, stack(0x000000b6b6f00000,0x000000b6b7000000) (1024K)]
  0x000002187bb2fdc0 JavaThread "C1 CompilerThread0"         daemon [_thread_blocked, id=22156, stack(0x000000b6b7000000,0x000000b6b7100000) (1024K)]
  0x000002186458b170 JavaThread "Common-Cleaner"             daemon [_thread_blocked, id=20648, stack(0x000000b6b7100000,0x000000b6b7200000) (1024K)]
  0x000002187be2b880 JavaThread "Notification Thread"        daemon [_thread_blocked, id=26548, stack(0x000000b6b7200000,0x000000b6b7300000) (1024K)]
  0x000002187d02a490 JavaThread "Active Thread: Equinox Container: 2a939702-2465-4513-b8b6-2d1097f73c12"        [_thread_blocked, id=24944, stack(0x000000b6b7300000,0x000000b6b7400000) (1024K)]
  0x000002187d51a010 JavaThread "Refresh Thread: Equinox Container: 2a939702-2465-4513-b8b6-2d1097f73c12" daemon [_thread_blocked, id=24284, stack(0x000000b6b7a00000,0x000000b6b7b00000) (1024K)]
  0x000002187d2039d0 JavaThread "Framework Event Dispatcher: Equinox Container: 2a939702-2465-4513-b8b6-2d1097f73c12" daemon [_thread_blocked, id=10816, stack(0x000000b6b7c00000,0x000000b6b7d00000) (1024K)]
  0x000002187d6de830 JavaThread "Start Level: Equinox Container: 2a939702-2465-4513-b8b6-2d1097f73c12" daemon [_thread_blocked, id=27240, stack(0x000000b6b7d00000,0x000000b6b7e00000) (1024K)]
  0x000002187d5c9680 JavaThread "Bundle File Closer"         daemon [_thread_blocked, id=12720, stack(0x000000b6b8100000,0x000000b6b8200000) (1024K)]
  0x000002187caf7800 JavaThread "SCR Component Actor"        daemon [_thread_blocked, id=4028, stack(0x000000b6b8200000,0x000000b6b8300000) (1024K)]
  0x000002187cf10c60 JavaThread "Worker-JM"                         [_thread_blocked, id=16668, stack(0x000000b6b8400000,0x000000b6b8500000) (1024K)]
  0x000002187cf105d0 JavaThread "JNA Cleaner"                daemon [_thread_blocked, id=5192, stack(0x000000b6b7e00000,0x000000b6b7f00000) (1024K)]
  0x000002187cf11980 JavaThread "Worker-0"                          [_thread_blocked, id=5116, stack(0x000000b6b8500000,0x000000b6b8600000) (1024K)]
  0x000002187cf0ff40 JavaThread "Worker-1: Initialize workspace"        [_thread_blocked, id=17504, stack(0x000000b6b8600000,0x000000b6b8700000) (1024K)]
  0x000002187cf0f220 JavaThread "Worker-2"                          [_thread_blocked, id=26408, stack(0x000000b6b8900000,0x000000b6b8a00000) (1024K)]
  0x000002187cf0f8b0 JavaThread "Java indexing"              daemon [_thread_in_native, id=27296, stack(0x000000b6b8a00000,0x000000b6b8b00000) (1024K)]
  0x000002187cf12010 JavaThread "Worker-3: Java indexing... "        [_thread_blocked, id=21964, stack(0x000000b6b8b00000,0x000000b6b8c00000) (1024K)]
  0x000002187cf126a0 JavaThread "Worker-4"                          [_thread_blocked, id=7684, stack(0x000000b6b8c00000,0x000000b6b8d00000) (1024K)]
  0x000002187cf112f0 JavaThread "Thread-2"                   daemon [_thread_in_native, id=17588, stack(0x000000b6b8d00000,0x000000b6b8e00000) (1024K)]
  0x00000218465d9f80 JavaThread "Thread-3"                   daemon [_thread_in_native, id=17948, stack(0x000000b6b8e00000,0x000000b6b8f00000) (1024K)]
  0x00000218465d8540 JavaThread "Thread-4"                   daemon [_thread_in_native, id=21000, stack(0x000000b6b8f00000,0x000000b6b9000000) (1024K)]
  0x00000218465d7190 JavaThread "Thread-5"                   daemon [_thread_in_native, id=2896, stack(0x000000b6b9000000,0x000000b6b9100000) (1024K)]
  0x00000218465d9260 JavaThread "Thread-6"                   daemon [_thread_in_native, id=8612, stack(0x000000b6b9100000,0x000000b6b9200000) (1024K)]
  0x00000218465d8bd0 JavaThread "Thread-7"                   daemon [_thread_in_native, id=20688, stack(0x000000b6b9200000,0x000000b6b9300000) (1024K)]
  0x00000218465d6b00 JavaThread "Thread-8"                   daemon [_thread_in_native, id=24964, stack(0x000000b6b9300000,0x000000b6b9400000) (1024K)]
  0x00000218465d98f0 JavaThread "Thread-9"                   daemon [_thread_in_native, id=24616, stack(0x000000b6b9400000,0x000000b6b9500000) (1024K)]
  0x00000218465da610 JavaThread "Thread-10"                  daemon [_thread_in_native, id=14012, stack(0x000000b6b9500000,0x000000b6b9600000) (1024K)]
  0x00000218465d7eb0 JavaThread "Thread-11"                  daemon [_thread_in_native, id=7904, stack(0x000000b6b9600000,0x000000b6b9700000) (1024K)]
  0x00000218465daca0 JavaThread "Thread-12"                  daemon [_thread_in_native, id=12916, stack(0x000000b6b9700000,0x000000b6b9800000) (1024K)]
  0x00000218465d7820 JavaThread "Thread-13"                  daemon [_thread_in_native, id=6648, stack(0x000000b6b9800000,0x000000b6b9900000) (1024K)]
  0x00000218465dc6e0 JavaThread "Thread-14"                  daemon [_thread_in_native, id=24928, stack(0x000000b6b9900000,0x000000b6b9a00000) (1024K)]
  0x00000218465dc050 JavaThread "pool-2-thread-1"                   [_thread_blocked, id=25460, stack(0x000000b6b9a00000,0x000000b6b9b00000) (1024K)]
  0x00000218465dda90 JavaThread "Worker-5: Updating index names"        [_thread_in_native, id=24348, stack(0x000000b6b9b00000,0x000000b6b9c00000) (1024K)]
  0x00000218465db330 JavaThread "WorkspaceEventsHandler"            [_thread_blocked, id=27104, stack(0x000000b6b9c00000,0x000000b6b9d00000) (1024K)]
  0x00000218465de120 JavaThread "pool-1-thread-1"                   [_thread_blocked, id=19800, stack(0x000000b6b9d00000,0x000000b6b9e00000) (1024K)]
  0x00000218465dd400 JavaThread "LocalFile Deleter"          daemon [_thread_blocked, id=26272, stack(0x000000b6b8300000,0x000000b6b8400000) (1024K)]
  0x00000218455864d0 JavaThread "LocalFile Deleter"          daemon [_thread_blocked, id=26748, stack(0x000000b6b9e00000,0x000000b6b9f00000) (1024K)]
  0x00000218455871f0 JavaThread "LocalFile Deleter"          daemon [_thread_blocked, id=10088, stack(0x000000b6b9f00000,0x000000b6ba000000) (1024K)]
  0x0000021845584a90 JavaThread "LocalFile Deleter"          daemon [_thread_blocked, id=11728, stack(0x000000b6ba000000,0x000000b6ba100000) (1024K)]
  0x0000021845584400 JavaThread "LocalFile Deleter"          daemon [_thread_blocked, id=15256, stack(0x000000b6ba100000,0x000000b6ba200000) (1024K)]
  0x0000021845587f10 JavaThread "LocalFile Deleter"          daemon [_thread_blocked, id=13280, stack(0x000000b6ba200000,0x000000b6ba300000) (1024K)]
  0x0000021845587880 JavaThread "LocalFile Deleter"          daemon [_thread_blocked, id=2596, stack(0x000000b6ba300000,0x000000b6ba400000) (1024K)]
  0x00000218455885a0 JavaThread "LocalFile Deleter"          daemon [_thread_blocked, id=12872, stack(0x000000b6ba400000,0x000000b6ba500000) (1024K)]
  0x0000021845585120 JavaThread "LocalFile Deleter"          daemon [_thread_blocked, id=27440, stack(0x000000b6ba500000,0x000000b6ba600000) (1024K)]
  0x00000218455857b0 JavaThread "LocalFile Deleter"          daemon [_thread_blocked, id=20500, stack(0x000000b6ba600000,0x000000b6ba700000) (1024K)]
  0x0000021845586b60 JavaThread "LocalFile Deleter"          daemon [_thread_blocked, id=26052, stack(0x000000b6ba700000,0x000000b6ba800000) (1024K)]
  0x00000218455892c0 JavaThread "LocalFile Deleter"          daemon [_thread_blocked, id=26024, stack(0x000000b6ba800000,0x000000b6ba900000) (1024K)]
  0x0000021845585e40 JavaThread "Compiler Source File Reader" daemon [_thread_blocked, id=18128, stack(0x000000b6ba900000,0x000000b6baa00000) (1024K)]
  0x0000021845589950 JavaThread "Compiler Source File Reader" daemon [_thread_blocked, id=21752, stack(0x000000b6baa00000,0x000000b6bab00000) (1024K)]
  0x0000021845589fe0 JavaThread "Compiler Source File Reader" daemon [_thread_blocked, id=20000, stack(0x000000b6bab00000,0x000000b6bac00000) (1024K)]
  0x000002184558a670 JavaThread "Compiler Source File Reader" daemon [_thread_blocked, id=25172, stack(0x000000b6bac00000,0x000000b6bad00000) (1024K)]
  0x000002184558ad00 JavaThread "Compiler Source File Reader" daemon [_thread_blocked, id=1524, stack(0x000000b6bad00000,0x000000b6bae00000) (1024K)]
  0x000002184558b390 JavaThread "Compiler Source File Reader" daemon [_thread_blocked, id=19700, stack(0x000000b6bae00000,0x000000b6baf00000) (1024K)]
  0x000002184558ba20 JavaThread "Compiler Source File Reader" daemon [_thread_blocked, id=1532, stack(0x000000b6baf00000,0x000000b6bb000000) (1024K)]
  0x0000021845519960 JavaThread "Compiler Source File Reader" daemon [_thread_blocked, id=3844, stack(0x000000b6bb000000,0x000000b6bb100000) (1024K)]
  0x000002184551ba30 JavaThread "Compiler Source File Reader" daemon [_thread_blocked, id=23908, stack(0x000000b6bb100000,0x000000b6bb200000) (1024K)]
  0x000002184551ad10 JavaThread "Compiler Source File Reader" daemon [_thread_blocked, id=23900, stack(0x000000b6bb200000,0x000000b6bb300000) (1024K)]
  0x00000218455192d0 JavaThread "Compiler Processing Task"   daemon [_thread_blocked, id=21848, stack(0x000000b6bb300000,0x000000b6bb400000) (1024K)]
  0x0000021845518c40 JavaThread "Compiler Class File Writer" daemon [_thread_blocked, id=3800, stack(0x000000b6bb400000,0x000000b6bb500000) (1024K)]
  0x0000021845519ff0 JavaThread "Compiler Class File Writer" daemon [_thread_blocked, id=27388, stack(0x000000b6bb500000,0x000000b6bb600000) (1024K)]
  0x00000218455185b0 JavaThread "Compiler Class File Writer" daemon [_thread_blocked, id=19156, stack(0x000000b6bb600000,0x000000b6bb700000) (1024K)]
  0x000002184551c750 JavaThread "Compiler Class File Writer" daemon [_thread_blocked, id=24716, stack(0x000000b6bb700000,0x000000b6bb800000) (1024K)]
  0x000002184551c0c0 JavaThread "Compiler Class File Writer" daemon [_thread_blocked, id=7672, stack(0x000000b6bb800000,0x000000b6bb900000) (1024K)]
  0x000002184551b3a0 JavaThread "Compiler Class File Writer" daemon [_thread_blocked, id=9608, stack(0x000000b6bb900000,0x000000b6bba00000) (1024K)]
  0x000002184551db00 JavaThread "Compiler Class File Writer" daemon [_thread_blocked, id=17612, stack(0x000000b6bba00000,0x000000b6bbb00000) (1024K)]
  0x000002184551a680 JavaThread "Compiler Class File Writer" daemon [_thread_blocked, id=20600, stack(0x000000b6bbb00000,0x000000b6bbc00000) (1024K)]
  0x000002184551e820 JavaThread "Compiler Class File Writer" daemon [_thread_blocked, id=14036, stack(0x000000b6bbc00000,0x000000b6bbd00000) (1024K)]
  0x000002184551e190 JavaThread "Compiler Class File Writer" daemon [_thread_blocked, id=19404, stack(0x000000b6bbd00000,0x000000b6bbe00000) (1024K)]
  0x000002187eda38d0 JavaThread "ForkJoinPool.commonPool-worker-1" daemon [_thread_blocked, id=16688, stack(0x000000b6b8800000,0x000000b6b8900000) (1024K)]
  0x000002187eda59a0 JavaThread "ForkJoinPool.commonPool-worker-2" daemon [_thread_blocked, id=23100, stack(0x000000b6bbe00000,0x000000b6bbf00000) (1024K)]
  0x000002187eda5310 JavaThread "ForkJoinPool.commonPool-worker-3" daemon [_thread_blocked, id=22584, stack(0x000000b6b6300000,0x000000b6b6400000) (1024K)]
  0x000002187eda45f0 JavaThread "ForkJoinPool.commonPool-worker-4" daemon [_thread_blocked, id=23920, stack(0x000000b6b8700000,0x000000b6b8800000) (1024K)]
  0x0000021845869c30 JavaThread "C2 CompilerThread1"         daemon [_thread_in_native, id=23016, stack(0x000000b6bbf00000,0x000000b6bc000000) (1024K)]
  0x000002184635ef30 JavaThread "C2 CompilerThread2"         daemon [_thread_in_native, id=25100, stack(0x000000b6bc000000,0x000000b6bc100000) (1024K)]
Total: 81

Other Threads:
  0x00000218645c07f0 VMThread "VM Thread"                           [id=23600, stack(0x000000b6b6800000,0x000000b6b6900000) (1024K)]
  0x000002187a54ca00 WatcherThread "VM Periodic Task Thread"        [id=6992, stack(0x000000b6b6700000,0x000000b6b6800000) (1024K)]
  0x000002186453c5b0 WorkerThread "GC Thread#0"                     [id=19960, stack(0x000000b6b6600000,0x000000b6b6700000) (1024K)]
  0x000002187cc0b690 WorkerThread "GC Thread#1"                     [id=19152, stack(0x000000b6b7400000,0x000000b6b7500000) (1024K)]
  0x000002187cc0be30 WorkerThread "GC Thread#2"                     [id=26632, stack(0x000000b6b7500000,0x000000b6b7600000) (1024K)]
  0x000002187ccdd9c0 WorkerThread "GC Thread#3"                     [id=7192, stack(0x000000b6b7600000,0x000000b6b7700000) (1024K)]
  0x000002187ccddd60 WorkerThread "GC Thread#4"                     [id=18660, stack(0x000000b6b7700000,0x000000b6b7800000) (1024K)]
  0x000002187ccde100 WorkerThread "GC Thread#5"                     [id=25136, stack(0x000000b6b7800000,0x000000b6b7900000) (1024K)]
  0x000002187ccde4a0 WorkerThread "GC Thread#6"                     [id=6684, stack(0x000000b6b7900000,0x000000b6b7a00000) (1024K)]
  0x000002187d51aa70 WorkerThread "GC Thread#7"                     [id=23092, stack(0x000000b6b7b00000,0x000000b6b7c00000) (1024K)]
  0x000002187cba4530 WorkerThread "GC Thread#8"                     [id=504, stack(0x000000b6b7f00000,0x000000b6b8000000) (1024K)]
  0x000002187d6a5f40 WorkerThread "GC Thread#9"                     [id=20172, stack(0x000000b6b8000000,0x000000b6b8100000) (1024K)]
Total: 12

Threads with active compile tasks:
C2 CompilerThread0  37495 11590   !   4       org.eclipse.jdt.internal.core.search.indexing.BinaryIndexer::indexDocument (1168 bytes)
C2 CompilerThread1  37495 12131       4       org.eclipse.jdt.internal.core.search.indexing.BinaryIndexer::addBinaryAnnotation (87 bytes)
C2 CompilerThread2  37495 12256   !   4       org.eclipse.jdt.internal.compiler.classfmt.ClassFileReader::<init> (2135 bytes)
Total: 3

VM state: not at safepoint (normal execution)

VM Mutex/Monitor currently owned by a thread: None

Heap address: 0x00000000c0000000, size: 1024 MB, Compressed Oops mode: 32-bit

CDS archive(s) mapped at: [0x0000021800000000-0x0000021800ba0000-0x0000021800ba0000), size 12189696, SharedBaseAddress: 0x0000021800000000, ArchiveRelocationMode: 1.
Compressed class space mapped at: 0x0000021801000000-0x0000021841000000, reserved size: 1073741824
Narrow klass base: 0x0000021800000000, Narrow klass shift: 0, Narrow klass range: 0x100000000

GC Precious Log:
 CardTable entry size: 512
 CPUs: 12 total, 12 available
 Memory: 6005M
 Large Page Support: Disabled
 NUMA Support: Disabled
 Compressed Oops: Enabled (32-bit)
 Alignments: Space 512K, Generation 512K, Heap 2M
 Heap Min Capacity: 100M
 Heap Initial Capacity: 100M
 Heap Max Capacity: 1G
 Pre-touch: Disabled
 Parallel Workers: 10

Heap:
 PSYoungGen      total 2048K, used 1001K [0x00000000eab00000, 0x00000000eae80000, 0x0000000100000000)
  eden space 1536K, 40% used [0x00000000eab00000,0x00000000eab9a5a8,0x00000000eac80000)
  from space 512K, 75% used [0x00000000eac80000,0x00000000eace0000,0x00000000ead00000)
  to   space 512K, 0% used [0x00000000eae00000,0x00000000eae00000,0x00000000eae80000)
 ParOldGen       total 527872K, used 527799K [0x00000000c0000000, 0x00000000e0380000, 0x00000000eab00000)
  object space 527872K, 99% used [0x00000000c0000000,0x00000000e036de18,0x00000000e0380000)
 Metaspace       used 65567K, committed 67008K, reserved 1114112K
  class space    used 6756K, committed 7360K, reserved 1048576K

Card table byte_map: [0x0000021877f00000,0x0000021878110000] _byte_map_base: 0x0000021877900000

Marking Bits: (ParMarkBitMap*) 0x00007ffef47731f0
 Begin Bits: [0x0000021878270000, 0x0000021879270000)
 End Bits:   [0x0000021879270000, 0x000002187a270000)

Polling page: 0x00000218642b0000

Metaspace:

Usage:
  Non-class:     57.43 MB used.
      Class:      6.60 MB used.
       Both:     64.03 MB used.

Virtual space:
  Non-class space:       64.00 MB reserved,      58.25 MB ( 91%) committed,  1 nodes.
      Class space:        1.00 GB reserved,       7.19 MB ( <1%) committed,  1 nodes.
             Both:        1.06 GB reserved,      65.44 MB (  6%) committed. 

Chunk freelists:
   Non-Class:  5.12 MB
       Class:  8.82 MB
        Both:  13.94 MB

MaxMetaspaceSize: unlimited
CompressedClassSpaceSize: 1.00 GB
Initial GC threshold: 21.00 MB
Current GC threshold: 97.31 MB
CDS: on
 - commit_granule_bytes: 65536.
 - commit_granule_words: 8192.
 - virtual_space_node_default_size: 8388608.
 - enlarge_chunks_in_place: 1.
 - use_allocation_guard: 0.


Internal statistics:

num_allocs_failed_limit: 9.
num_arena_births: 1258.
num_arena_deaths: 14.
num_vsnodes_births: 2.
num_vsnodes_deaths: 0.
num_space_committed: 1047.
num_space_uncommitted: 0.
num_chunks_returned_to_freelist: 23.
num_chunks_taken_from_freelist: 4410.
num_chunk_merges: 15.
num_chunk_splits: 2668.
num_chunks_enlarged: 1446.
num_inconsistent_stats: 0.

CodeHeap 'non-profiled nmethods': size=120000Kb used=7193Kb max_used=7193Kb free=112807Kb
 bounds [0x00000218707f0000, 0x0000021870f00000, 0x0000021877d20000]
CodeHeap 'profiled nmethods': size=120000Kb used=24642Kb max_used=24642Kb free=95357Kb
 bounds [0x0000021868d20000, 0x000002186a540000, 0x0000021870250000]
CodeHeap 'non-nmethods': size=5760Kb used=1448Kb max_used=1503Kb free=4311Kb
 bounds [0x0000021870250000, 0x00000218704c0000, 0x00000218707f0000]
 total_blobs=12163 nmethods=11396 adapters=672
 compilation: enabled
              stopped_count=0, restarted_count=0
 full_count=0

Compilation events (20 events):
Event: 36.244 Thread 0x0000021845869c30 nmethod 12250 0x0000021870ee4f10 code [0x0000021870ee51a0, 0x0000021870ee6e98]
Event: 36.245 Thread 0x0000021845869c30 12144       4       org.eclipse.jdt.internal.core.search.indexing.AbstractIndexer::addConstructorDeclaration (97 bytes)
Event: 36.287 Thread 0x0000021845869c30 nmethod 12144 0x0000021870ee7b10 code [0x0000021870ee7da0, 0x0000021870ee8fb8]
Event: 36.287 Thread 0x0000021845869c30 11868       4       java.util.TimSort::countRunAndMakeAscending (128 bytes)
Event: 36.292 Thread 0x000002187bb2fdc0 12253       2       java.io.BufferedWriter::implWrite (133 bytes)
Event: 36.293 Thread 0x000002187bb2fdc0 nmethod 12253 0x000002186a52bf10 code [0x000002186a52c140, 0x000002186a52c678]
Event: 36.293 Thread 0x000002187bb2fdc0 12252   !   2       java.io.BufferedWriter::write (82 bytes)
Event: 36.294 Thread 0x000002187bb2fdc0 nmethod 12252 0x000002186a52c910 code [0x000002186a52cb40, 0x000002186a52d058]
Event: 36.294 Thread 0x000002187bb2fdc0 12254  s!   2       org.eclipse.core.internal.jobs.WorkerPool::sleep (124 bytes)
Event: 36.295 Thread 0x000002187bb2fdc0 nmethod 12254 0x000002186a52d410 code [0x000002186a52d600, 0x000002186a52d9b8]
Event: 36.298 Thread 0x0000021845869c30 nmethod 11868 0x0000021870ee9c10 code [0x0000021870ee9de0, 0x0000021870eea2c0]
Event: 36.298 Thread 0x0000021845869c30 12145       4       org.eclipse.jdt.internal.core.search.indexing.AbstractIndexer::addClassDeclaration (129 bytes)
Event: 36.337 Thread 0x000002187bb2fdc0 12255       2       org.eclipse.jdt.internal.core.search.indexing.AbstractIndexer::addAnnotationTypeDeclaration (51 bytes)
Event: 36.337 Thread 0x000002187bb2fdc0 nmethod 12255 0x000002186a52db90 code [0x000002186a52dd80, 0x000002186a52e0b0]
Event: 36.343 Thread 0x000002187bb2fdc0 12257       2       org.eclipse.jdt.internal.core.search.indexing.BinaryIndexer::addBinaryRetentionAnnotation (74 bytes)
Event: 36.343 Thread 0x000002187bb2fdc0 nmethod 12257 0x000002186a52e390 code [0x000002186a52e5c0, 0x000002186a52e978]
Event: 36.345 Thread 0x000002187bb2fdc0 12258       2       org.eclipse.jdt.internal.core.search.indexing.BinaryIndexer::addBinaryTargetAnnotation (349 bytes)
Event: 36.347 Thread 0x000002187bb2fdc0 nmethod 12258 0x000002186a52ec90 code [0x000002186a52f040, 0x000002186a52fc08]
Event: 36.349 Thread 0x000002184635ef30 nmethod 11613 0x0000021870eea610 code [0x0000021870eeabc0, 0x0000021870eee2f0]
Event: 36.350 Thread 0x000002184635ef30 12256   !   4       org.eclipse.jdt.internal.compiler.classfmt.ClassFileReader::<init> (2135 bytes)

GC Heap History (20 events):
Event: 34.888 GC heap before
{Heap before GC invocations=625 (full 3):
 PSYoungGen      total 5120K, used 4811K [0x00000000eab00000, 0x00000000eb280000, 0x0000000100000000)
  eden space 2560K, 97% used [0x00000000eab00000,0x00000000ead71680,0x00000000ead80000)
  from space 2560K, 90% used [0x00000000ead80000,0x00000000eafc1690,0x00000000eb000000)
  to   space 2560K, 0% used [0x00000000eb000000,0x00000000eb000000,0x00000000eb280000)
 ParOldGen       total 519168K, used 519067K [0x00000000c0000000, 0x00000000dfb00000, 0x00000000eab00000)
  object space 519168K, 99% used [0x00000000c0000000,0x00000000dfae6f98,0x00000000dfb00000)
 Metaspace       used 65563K, committed 67008K, reserved 1114112K
  class space    used 6756K, committed 7360K, reserved 1048576K
}
Event: 34.977 GC heap after
{Heap after GC invocations=625 (full 3):
 PSYoungGen      total 3072K, used 2531K [0x00000000eab00000, 0x00000000eb880000, 0x0000000100000000)
  eden space 512K, 0% used [0x00000000eab00000,0x00000000eab00000,0x00000000eab80000)
  from space 2560K, 98% used [0x00000000eb000000,0x00000000eb278cf0,0x00000000eb280000)
  to   space 4608K, 0% used [0x00000000eab80000,0x00000000eab80000,0x00000000eb000000)
 ParOldGen       total 521728K, used 521284K [0x00000000c0000000, 0x00000000dfd80000, 0x00000000eab00000)
  object space 521728K, 99% used [0x00000000c0000000,0x00000000dfd11040,0x00000000dfd80000)
 Metaspace       used 65563K, committed 67008K, reserved 1114112K
  class space    used 6756K, committed 7360K, reserved 1048576K
}
Event: 34.985 GC heap before
{Heap before GC invocations=626 (full 3):
 PSYoungGen      total 3072K, used 3043K [0x00000000eab00000, 0x00000000eb880000, 0x0000000100000000)
  eden space 512K, 99% used [0x00000000eab00000,0x00000000eab7fff0,0x00000000eab80000)
  from space 2560K, 98% used [0x00000000eb000000,0x00000000eb278cf0,0x00000000eb280000)
  to   space 4608K, 0% used [0x00000000eab80000,0x00000000eab80000,0x00000000eb000000)
 ParOldGen       total 521728K, used 521284K [0x00000000c0000000, 0x00000000dfd80000, 0x00000000eab00000)
  object space 521728K, 99% used [0x00000000c0000000,0x00000000dfd11040,0x00000000dfd80000)
 Metaspace       used 65563K, committed 67008K, reserved 1114112K
  class space    used 6756K, committed 7360K, reserved 1048576K
}
Event: 35.995 GC heap after
{Heap after GC invocations=626 (full 3):
 PSYoungGen      total 1536K, used 688K [0x00000000eab00000, 0x00000000eb100000, 0x0000000100000000)
  eden space 512K, 0% used [0x00000000eab00000,0x00000000eab00000,0x00000000eab80000)
  from space 1024K, 67% used [0x00000000eab80000,0x00000000eac2c000,0x00000000eac80000)
  to   space 2560K, 0% used [0x00000000eae80000,0x00000000eae80000,0x00000000eb100000)
 ParOldGen       total 524288K, used 523777K [0x00000000c0000000, 0x00000000e0000000, 0x00000000eab00000)
  object space 524288K, 99% used [0x00000000c0000000,0x00000000dff80798,0x00000000e0000000)
 Metaspace       used 65563K, committed 67008K, reserved 1114112K
  class space    used 6756K, committed 7360K, reserved 1048576K
}
Event: 36.015 GC heap before
{Heap before GC invocations=627 (full 3):
 PSYoungGen      total 1536K, used 1199K [0x00000000eab00000, 0x00000000eb100000, 0x0000000100000000)
  eden space 512K, 99% used [0x00000000eab00000,0x00000000eab7ffd8,0x00000000eab80000)
  from space 1024K, 67% used [0x00000000eab80000,0x00000000eac2c000,0x00000000eac80000)
  to   space 2560K, 0% used [0x00000000eae80000,0x00000000eae80000,0x00000000eb100000)
 ParOldGen       total 524288K, used 523777K [0x00000000c0000000, 0x00000000e0000000, 0x00000000eab00000)
  object space 524288K, 99% used [0x00000000c0000000,0x00000000dff80798,0x00000000e0000000)
 Metaspace       used 65563K, committed 67008K, reserved 1114112K
  class space    used 6756K, committed 7360K, reserved 1048576K
}
Event: 36.018 GC heap after
{Heap after GC invocations=627 (full 3):
 PSYoungGen      total 2048K, used 608K [0x00000000eab00000, 0x00000000eaf80000, 0x0000000100000000)
  eden space 1024K, 0% used [0x00000000eab00000,0x00000000eab00000,0x00000000eac00000)
  from space 1024K, 59% used [0x00000000eae80000,0x00000000eaf18000,0x00000000eaf80000)
  to   space 1024K, 0% used [0x00000000ead80000,0x00000000ead80000,0x00000000eae80000)
 ParOldGen       total 524800K, used 524313K [0x00000000c0000000, 0x00000000e0080000, 0x00000000eab00000)
  object space 524800K, 99% used [0x00000000c0000000,0x00000000e0006798,0x00000000e0080000)
 Metaspace       used 65563K, committed 67008K, reserved 1114112K
  class space    used 6756K, committed 7360K, reserved 1048576K
}
Event: 36.049 GC heap before
{Heap before GC invocations=628 (full 3):
 PSYoungGen      total 2048K, used 1632K [0x00000000eab00000, 0x00000000eaf80000, 0x0000000100000000)
  eden space 1024K, 100% used [0x00000000eab00000,0x00000000eac00000,0x00000000eac00000)
  from space 1024K, 59% used [0x00000000eae80000,0x00000000eaf18000,0x00000000eaf80000)
  to   space 1024K, 0% used [0x00000000ead80000,0x00000000ead80000,0x00000000eae80000)
 ParOldGen       total 524800K, used 524313K [0x00000000c0000000, 0x00000000e0080000, 0x00000000eab00000)
  object space 524800K, 99% used [0x00000000c0000000,0x00000000e0006798,0x00000000e0080000)
 Metaspace       used 65563K, committed 67008K, reserved 1114112K
  class space    used 6756K, committed 7360K, reserved 1048576K
}
Event: 36.053 GC heap after
{Heap after GC invocations=628 (full 3):
 PSYoungGen      total 2560K, used 736K [0x00000000eab00000, 0x00000000eaf00000, 0x0000000100000000)
  eden space 1536K, 0% used [0x00000000eab00000,0x00000000eab00000,0x00000000eac80000)
  from space 1024K, 71% used [0x00000000ead80000,0x00000000eae38000,0x00000000eae80000)
  to   space 512K, 0% used [0x00000000eae80000,0x00000000eae80000,0x00000000eaf00000)
 ParOldGen       total 524800K, used 524755K [0x00000000c0000000, 0x00000000e0080000, 0x00000000eab00000)
  object space 524800K, 99% used [0x00000000c0000000,0x00000000e0074ce0,0x00000000e0080000)
 Metaspace       used 65563K, committed 67008K, reserved 1114112K
  class space    used 6756K, committed 7360K, reserved 1048576K
}
Event: 36.299 GC heap before
{Heap before GC invocations=629 (full 3):
 PSYoungGen      total 2560K, used 2272K [0x00000000eab00000, 0x00000000eaf00000, 0x0000000100000000)
  eden space 1536K, 100% used [0x00000000eab00000,0x00000000eac80000,0x00000000eac80000)
  from space 1024K, 71% used [0x00000000ead80000,0x00000000eae38000,0x00000000eae80000)
  to   space 512K, 0% used [0x00000000eae80000,0x00000000eae80000,0x00000000eaf00000)
 ParOldGen       total 524800K, used 524755K [0x00000000c0000000, 0x00000000e0080000, 0x00000000eab00000)
  object space 524800K, 99% used [0x00000000c0000000,0x00000000e0074ce0,0x00000000e0080000)
 Metaspace       used 65566K, committed 67008K, reserved 1114112K
  class space    used 6756K, committed 7360K, reserved 1048576K
}
Event: 36.304 GC heap after
{Heap after GC invocations=629 (full 3):
 PSYoungGen      total 2048K, used 499K [0x00000000eab00000, 0x00000000eb080000, 0x0000000100000000)
  eden space 1536K, 0% used [0x00000000eab00000,0x00000000eab00000,0x00000000eac80000)
  from space 512K, 97% used [0x00000000eae80000,0x00000000eaefcf28,0x00000000eaf00000)
  to   space 2048K, 0% used [0x00000000eac80000,0x00000000eac80000,0x00000000eae80000)
 ParOldGen       total 526336K, used 525995K [0x00000000c0000000, 0x00000000e0200000, 0x00000000eab00000)
  object space 526336K, 99% used [0x00000000c0000000,0x00000000e01aace0,0x00000000e0200000)
 Metaspace       used 65566K, committed 67008K, reserved 1114112K
  class space    used 6756K, committed 7360K, reserved 1048576K
}
Event: 36.311 GC heap before
{Heap before GC invocations=630 (full 3):
 PSYoungGen      total 2048K, used 2035K [0x00000000eab00000, 0x00000000eb080000, 0x0000000100000000)
  eden space 1536K, 100% used [0x00000000eab00000,0x00000000eac80000,0x00000000eac80000)
  from space 512K, 97% used [0x00000000eae80000,0x00000000eaefcf28,0x00000000eaf00000)
  to   space 2048K, 0% used [0x00000000eac80000,0x00000000eac80000,0x00000000eae80000)
 ParOldGen       total 526336K, used 525995K [0x00000000c0000000, 0x00000000e0200000, 0x00000000eab00000)
  object space 526336K, 99% used [0x00000000c0000000,0x00000000e01aace0,0x00000000e0200000)
 Metaspace       used 65566K, committed 67008K, reserved 1114112K
  class space    used 6756K, committed 7360K, reserved 1048576K
}
Event: 36.313 GC heap after
{Heap after GC invocations=630 (full 3):
 PSYoungGen      total 2048K, used 352K [0x00000000eab00000, 0x00000000eaf00000, 0x0000000100000000)
  eden space 1536K, 0% used [0x00000000eab00000,0x00000000eab00000,0x00000000eac80000)
  from space 512K, 68% used [0x00000000eac80000,0x00000000eacd8000,0x00000000ead00000)
  to   space 1024K, 0% used [0x00000000eae00000,0x00000000eae00000,0x00000000eaf00000)
 ParOldGen       total 526848K, used 526527K [0x00000000c0000000, 0x00000000e0280000, 0x00000000eab00000)
  object space 526848K, 99% used [0x00000000c0000000,0x00000000e022fc08,0x00000000e0280000)
 Metaspace       used 65566K, committed 67008K, reserved 1114112K
  class space    used 6756K, committed 7360K, reserved 1048576K
}
Event: 36.320 GC heap before
{Heap before GC invocations=631 (full 3):
 PSYoungGen      total 2048K, used 1888K [0x00000000eab00000, 0x00000000eaf00000, 0x0000000100000000)
  eden space 1536K, 100% used [0x00000000eab00000,0x00000000eac80000,0x00000000eac80000)
  from space 512K, 68% used [0x00000000eac80000,0x00000000eacd8000,0x00000000ead00000)
  to   space 1024K, 0% used [0x00000000eae00000,0x00000000eae00000,0x00000000eaf00000)
 ParOldGen       total 526848K, used 526527K [0x00000000c0000000, 0x00000000e0280000, 0x00000000eab00000)
  object space 526848K, 99% used [0x00000000c0000000,0x00000000e022fc08,0x00000000e0280000)
 Metaspace       used 65566K, committed 67008K, reserved 1114112K
  class space    used 6756K, committed 7360K, reserved 1048576K
}
Event: 36.322 GC heap after
{Heap after GC invocations=631 (full 3):
 PSYoungGen      total 2048K, used 448K [0x00000000eab00000, 0x00000000eae80000, 0x0000000100000000)
  eden space 1536K, 0% used [0x00000000eab00000,0x00000000eab00000,0x00000000eac80000)
  from space 512K, 87% used [0x00000000eae00000,0x00000000eae70000,0x00000000eae80000)
  to   space 512K, 0% used [0x00000000eac80000,0x00000000eac80000,0x00000000ead00000)
 ParOldGen       total 526848K, used 526751K [0x00000000c0000000, 0x00000000e0280000, 0x00000000eab00000)
  object space 526848K, 99% used [0x00000000c0000000,0x00000000e0267c08,0x00000000e0280000)
 Metaspace       used 65566K, committed 67008K, reserved 1114112K
  class space    used 6756K, committed 7360K, reserved 1048576K
}
Event: 36.328 GC heap before
{Heap before GC invocations=632 (full 3):
 PSYoungGen      total 2048K, used 1984K [0x00000000eab00000, 0x00000000eae80000, 0x0000000100000000)
  eden space 1536K, 100% used [0x00000000eab00000,0x00000000eac80000,0x00000000eac80000)
  from space 512K, 87% used [0x00000000eae00000,0x00000000eae70000,0x00000000eae80000)
  to   space 512K, 0% used [0x00000000eac80000,0x00000000eac80000,0x00000000ead00000)
 ParOldGen       total 526848K, used 526751K [0x00000000c0000000, 0x00000000e0280000, 0x00000000eab00000)
  object space 526848K, 99% used [0x00000000c0000000,0x00000000e0267c08,0x00000000e0280000)
 Metaspace       used 65566K, committed 67008K, reserved 1114112K
  class space    used 6756K, committed 7360K, reserved 1048576K
}
Event: 36.330 GC heap after
{Heap after GC invocations=632 (full 3):
 PSYoungGen      total 2048K, used 320K [0x00000000eab00000, 0x00000000eae80000, 0x0000000100000000)
  eden space 1536K, 0% used [0x00000000eab00000,0x00000000eab00000,0x00000000eac80000)
  from space 512K, 62% used [0x00000000eac80000,0x00000000eacd0000,0x00000000ead00000)
  to   space 512K, 0% used [0x00000000eae00000,0x00000000eae00000,0x00000000eae80000)
 ParOldGen       total 527360K, used 527100K [0x00000000c0000000, 0x00000000e0300000, 0x00000000eab00000)
  object space 527360K, 99% used [0x00000000c0000000,0x00000000e02bf210,0x00000000e0300000)
 Metaspace       used 65566K, committed 67008K, reserved 1114112K
  class space    used 6756K, committed 7360K, reserved 1048576K
}
Event: 36.338 GC heap before
{Heap before GC invocations=633 (full 3):
 PSYoungGen      total 2048K, used 1840K [0x00000000eab00000, 0x00000000eae80000, 0x0000000100000000)
  eden space 1536K, 99% used [0x00000000eab00000,0x00000000eac7c2d0,0x00000000eac80000)
  from space 512K, 62% used [0x00000000eac80000,0x00000000eacd0000,0x00000000ead00000)
  to   space 512K, 0% used [0x00000000eae00000,0x00000000eae00000,0x00000000eae80000)
 ParOldGen       total 527360K, used 527100K [0x00000000c0000000, 0x00000000e0300000, 0x00000000eab00000)
  object space 527360K, 99% used [0x00000000c0000000,0x00000000e02bf210,0x00000000e0300000)
 Metaspace       used 65566K, committed 67008K, reserved 1114112K
  class space    used 6756K, committed 7360K, reserved 1048576K
}
Event: 36.340 GC heap after
{Heap after GC invocations=633 (full 3):
 PSYoungGen      total 2048K, used 251K [0x00000000eab00000, 0x00000000eae80000, 0x0000000100000000)
  eden space 1536K, 0% used [0x00000000eab00000,0x00000000eab00000,0x00000000eac80000)
  from space 512K, 49% used [0x00000000eae00000,0x00000000eae3ec08,0x00000000eae80000)
  to   space 512K, 0% used [0x00000000eac80000,0x00000000eac80000,0x00000000ead00000)
 ParOldGen       total 527360K, used 527316K [0x00000000c0000000, 0x00000000e0300000, 0x00000000eab00000)
  object space 527360K, 99% used [0x00000000c0000000,0x00000000e02f5210,0x00000000e0300000)
 Metaspace       used 65566K, committed 67008K, reserved 1114112K
  class space    used 6756K, committed 7360K, reserved 1048576K
}
Event: 36.374 GC heap before
{Heap before GC invocations=634 (full 3):
 PSYoungGen      total 2048K, used 1787K [0x00000000eab00000, 0x00000000eae80000, 0x0000000100000000)
  eden space 1536K, 100% used [0x00000000eab00000,0x00000000eac80000,0x00000000eac80000)
  from space 512K, 49% used [0x00000000eae00000,0x00000000eae3ec08,0x00000000eae80000)
  to   space 512K, 0% used [0x00000000eac80000,0x00000000eac80000,0x00000000ead00000)
 ParOldGen       total 527360K, used 527316K [0x00000000c0000000, 0x00000000e0300000, 0x00000000eab00000)
  object space 527360K, 99% used [0x00000000c0000000,0x00000000e02f5210,0x00000000e0300000)
 Metaspace       used 65566K, committed 67008K, reserved 1114112K
  class space    used 6756K, committed 7360K, reserved 1048576K
}
Event: 36.376 GC heap after
{Heap after GC invocations=634 (full 3):
 PSYoungGen      total 2048K, used 288K [0x00000000eab00000, 0x00000000eae80000, 0x0000000100000000)
  eden space 1536K, 0% used [0x00000000eab00000,0x00000000eab00000,0x00000000eac80000)
  from space 512K, 56% used [0x00000000eac80000,0x00000000eacc8000,0x00000000ead00000)
  to   space 512K, 0% used [0x00000000eae00000,0x00000000eae00000,0x00000000eae80000)
 ParOldGen       total 527872K, used 527503K [0x00000000c0000000, 0x00000000e0380000, 0x00000000eab00000)
  object space 527872K, 99% used [0x00000000c0000000,0x00000000e0323e18,0x00000000e0380000)
 Metaspace       used 65566K, committed 67008K, reserved 1114112K
  class space    used 6756K, committed 7360K, reserved 1048576K
}

Dll operation events (10 events):
Event: 0.045 Loaded shared library c:\Users\abhil\.vscode\extensions\redhat.java-1.42.0-win32-x64\jre\21.0.7-win32-x86_64\bin\java.dll
Event: 0.308 Loaded shared library c:\Users\abhil\.vscode\extensions\redhat.java-1.42.0-win32-x64\jre\21.0.7-win32-x86_64\bin\zip.dll
Event: 0.358 Loaded shared library C:\Users\abhil\.vscode\extensions\redhat.java-1.42.0-win32-x64\jre\21.0.7-win32-x86_64\bin\instrument.dll
Event: 0.372 Loaded shared library C:\Users\abhil\.vscode\extensions\redhat.java-1.42.0-win32-x64\jre\21.0.7-win32-x86_64\bin\net.dll
Event: 0.376 Loaded shared library C:\Users\abhil\.vscode\extensions\redhat.java-1.42.0-win32-x64\jre\21.0.7-win32-x86_64\bin\nio.dll
Event: 0.383 Loaded shared library C:\Users\abhil\.vscode\extensions\redhat.java-1.42.0-win32-x64\jre\21.0.7-win32-x86_64\bin\zip.dll
Event: 0.416 Loaded shared library C:\Users\abhil\.vscode\extensions\redhat.java-1.42.0-win32-x64\jre\21.0.7-win32-x86_64\bin\jimage.dll
Event: 0.624 Loaded shared library c:\Users\abhil\.vscode\extensions\redhat.java-1.42.0-win32-x64\jre\21.0.7-win32-x86_64\bin\verify.dll
Event: 3.521 Loaded shared library C:\Users\abhil\AppData\Roaming\Code\User\globalStorage\redhat.java\1.42.0\config_win\org.eclipse.equinox.launcher\org.eclipse.equinox.launcher.win32.win32.x86_64_1.2.1300.v20250331-1702\eclipse_11911.dll
Event: 9.833 Loaded shared library C:\Users\abhil\AppData\Local\Temp\jna-92604362\jna1944972649107429827.dll

Deoptimization events (20 events):
Event: 34.309 Thread 0x000002187cf0f8b0 DEOPT PACKING pc=0x000002186a38e7a3 sp=0x000000b6b8afeca0
Event: 34.309 Thread 0x000002187cf0f8b0 DEOPT UNPACKING pc=0x00000218702a4242 sp=0x000000b6b8afe220 mode 0
Event: 34.329 Thread 0x000002187cf0f8b0 DEOPT PACKING pc=0x000002186a38e80d sp=0x000000b6b8afeca0
Event: 34.329 Thread 0x000002187cf0f8b0 DEOPT UNPACKING pc=0x00000218702a4242 sp=0x000000b6b8afe220 mode 0
Event: 34.346 Thread 0x000002187cf0f8b0 DEOPT PACKING pc=0x000002186a38e7a3 sp=0x000000b6b8afeca0
Event: 34.346 Thread 0x000002187cf0f8b0 DEOPT UNPACKING pc=0x00000218702a4242 sp=0x000000b6b8afe220 mode 0
Event: 34.364 Thread 0x000002187cf0f8b0 DEOPT PACKING pc=0x000002186a38e765 sp=0x000000b6b8afeca0
Event: 34.364 Thread 0x000002187cf0f8b0 DEOPT UNPACKING pc=0x00000218702a4242 sp=0x000000b6b8afe220 mode 0
Event: 34.385 Thread 0x000002187cf0f8b0 DEOPT PACKING pc=0x000002186a38e765 sp=0x000000b6b8afeca0
Event: 34.385 Thread 0x000002187cf0f8b0 DEOPT UNPACKING pc=0x00000218702a4242 sp=0x000000b6b8afe220 mode 0
Event: 34.402 Thread 0x000002187cf0f8b0 DEOPT PACKING pc=0x000002186a38e7a3 sp=0x000000b6b8afeca0
Event: 34.402 Thread 0x000002187cf0f8b0 DEOPT UNPACKING pc=0x00000218702a4242 sp=0x000000b6b8afe220 mode 0
Event: 34.419 Thread 0x000002187cf0f8b0 DEOPT PACKING pc=0x000002186a38e7a3 sp=0x000000b6b8afeca0
Event: 34.419 Thread 0x000002187cf0f8b0 DEOPT UNPACKING pc=0x00000218702a4242 sp=0x000000b6b8afe220 mode 0
Event: 34.420 Thread 0x000002187cf0f8b0 DEOPT PACKING pc=0x000002186a39882c sp=0x000000b6b8afea90
Event: 34.420 Thread 0x000002187cf0f8b0 DEOPT UNPACKING pc=0x00000218702a4242 sp=0x000000b6b8afdef8 mode 0
Event: 34.589 Thread 0x000002187cf0f8b0 DEOPT PACKING pc=0x000002186a12447e sp=0x000000b6b8afec90
Event: 34.589 Thread 0x000002187cf0f8b0 DEOPT UNPACKING pc=0x00000218702a4242 sp=0x000000b6b8afe170 mode 0
Event: 36.347 Thread 0x000002187cf0f8b0 DEOPT PACKING pc=0x000002186a12447e sp=0x000000b6b8afec90
Event: 36.347 Thread 0x000002187cf0f8b0 DEOPT UNPACKING pc=0x00000218702a4242 sp=0x000000b6b8afe170 mode 0

Classes loaded (20 events):
Event: 28.791 Loading class java/util/Collections$SynchronizedList done
Event: 28.792 Loading class java/util/Collections$SynchronizedRandomAccessList done
Event: 28.798 Loading class java/util/concurrent/CompletableFuture$Signaller
Event: 28.798 Loading class java/util/concurrent/CompletableFuture$Signaller done
Event: 29.173 Loading class java/nio/charset/CharacterCodingException
Event: 29.173 Loading class java/nio/charset/CharacterCodingException done
Event: 29.174 Loading class java/io/SequenceInputStream
Event: 29.174 Loading class java/io/SequenceInputStream done
Event: 29.313 Loading class java/util/concurrent/CompletableFuture$UniApply
Event: 29.313 Loading class java/util/concurrent/CompletableFuture$UniApply done
Event: 29.315 Loading class java/util/concurrent/CompletableFuture$UniExceptionally
Event: 29.316 Loading class java/util/concurrent/CompletableFuture$UniExceptionally done
Event: 29.794 Loading class java/lang/UnsupportedClassVersionError
Event: 29.794 Loading class java/lang/UnsupportedClassVersionError done
Event: 33.032 Loading class sun/nio/cs/ISO_8859_1$Encoder
Event: 33.032 Loading class sun/nio/cs/ISO_8859_1$Encoder done
Event: 33.032 Loading class sun/nio/cs/Surrogate$Parser
Event: 33.032 Loading class sun/nio/cs/Surrogate$Parser done
Event: 33.032 Loading class sun/nio/cs/Surrogate
Event: 33.033 Loading class sun/nio/cs/Surrogate done

Classes unloaded (7 events):
Event: 10.949 Thread 0x00000218645c07f0 Unloading class 0x00000218011a3c00 'java/lang/invoke/LambdaForm$MH+0x00000218011a3c00'
Event: 10.949 Thread 0x00000218645c07f0 Unloading class 0x00000218011a3800 'java/lang/invoke/LambdaForm$MH+0x00000218011a3800'
Event: 10.949 Thread 0x00000218645c07f0 Unloading class 0x00000218011a3400 'java/lang/invoke/LambdaForm$MH+0x00000218011a3400'
Event: 10.949 Thread 0x00000218645c07f0 Unloading class 0x00000218011a3000 'java/lang/invoke/LambdaForm$MH+0x00000218011a3000'
Event: 10.949 Thread 0x00000218645c07f0 Unloading class 0x00000218011a2c00 'java/lang/invoke/LambdaForm$BMH+0x00000218011a2c00'
Event: 10.949 Thread 0x00000218645c07f0 Unloading class 0x00000218011a2800 'java/lang/invoke/LambdaForm$DMH+0x00000218011a2800'
Event: 10.949 Thread 0x00000218645c07f0 Unloading class 0x00000218011a1400 'java/lang/invoke/LambdaForm$DMH+0x00000218011a1400'

Classes redefined (0 events):
No events

Internal exceptions (20 events):
Event: 30.967 Thread 0x000002187cf0f8b0 Exception <a 'sun/nio/fs/WindowsException'{0x00000000eab010f0}> (0x00000000eab010f0) 
thrown [s\src\hotspot\share\prims\jni.cpp, line 520]
Event: 30.999 Thread 0x000002187cf0f8b0 Exception <a 'sun/nio/fs/WindowsException'{0x00000000eab108c0}> (0x00000000eab108c0) 
thrown [s\src\hotspot\share\prims\jni.cpp, line 520]
Event: 31.014 Thread 0x000002187cf0f8b0 Exception <a 'sun/nio/fs/WindowsException'{0x00000000ead8b350}> (0x00000000ead8b350) 
thrown [s\src\hotspot\share\prims\jni.cpp, line 520]
Event: 31.034 Thread 0x000002187cf0f8b0 Exception <a 'sun/nio/fs/WindowsException'{0x00000000eb031520}> (0x00000000eb031520) 
thrown [s\src\hotspot\share\prims\jni.cpp, line 520]
Event: 31.039 Thread 0x000002187eda38d0 Exception <a 'java/lang/IncompatibleClassChangeError'{0x00000000eab0cda0}: Found class java.lang.Object, but interface was expected> (0x00000000eab0cda0) 
thrown [s\src\hotspot\share\interpreter\linkResolver.cpp, line 840]
Event: 31.174 Thread 0x000002187cf0f8b0 Exception <a 'sun/nio/fs/WindowsException'{0x00000000eab44658}> (0x00000000eab44658) 
thrown [s\src\hotspot\share\prims\jni.cpp, line 520]
Event: 31.387 Thread 0x000002187cf0f8b0 Exception <a 'sun/nio/fs/WindowsException'{0x00000000eaedeb88}> (0x00000000eaedeb88) 
thrown [s\src\hotspot\share\prims\jni.cpp, line 520]
Event: 31.431 Thread 0x000002187cf0f8b0 Exception <a 'sun/nio/fs/WindowsException'{0x00000000eae68068}> (0x00000000eae68068) 
thrown [s\src\hotspot\share\prims\jni.cpp, line 520]
Event: 31.605 Thread 0x000002187cf0f8b0 Exception <a 'sun/nio/fs/WindowsException'{0x00000000eb20c148}> (0x00000000eb20c148) 
thrown [s\src\hotspot\share\prims\jni.cpp, line 520]
Event: 31.623 Thread 0x000002187cf0f8b0 Exception <a 'sun/nio/fs/WindowsException'{0x00000000eafa05b0}> (0x00000000eafa05b0) 
thrown [s\src\hotspot\share\prims\jni.cpp, line 520]
Event: 31.663 Thread 0x000002187cf0f8b0 Exception <a 'sun/nio/fs/WindowsException'{0x00000000eacb05f8}> (0x00000000eacb05f8) 
thrown [s\src\hotspot\share\prims\jni.cpp, line 520]
Event: 31.799 Thread 0x000002187cf0f8b0 Exception <a 'sun/nio/fs/WindowsException'{0x00000000ead40780}> (0x00000000ead40780) 
thrown [s\src\hotspot\share\prims\jni.cpp, line 520]
Event: 31.818 Thread 0x000002187cf0f8b0 Exception <a 'sun/nio/fs/WindowsException'{0x00000000eab04298}> (0x00000000eab04298) 
thrown [s\src\hotspot\share\prims\jni.cpp, line 520]
Event: 31.897 Thread 0x000002187cf0f8b0 Exception <a 'sun/nio/fs/WindowsException'{0x00000000eb23e5a8}> (0x00000000eb23e5a8) 
thrown [s\src\hotspot\share\prims\jni.cpp, line 520]
Event: 32.056 Thread 0x000002187cf0f8b0 Exception <a 'sun/nio/fs/WindowsException'{0x00000000eaf2e810}> (0x00000000eaf2e810) 
thrown [s\src\hotspot\share\prims\jni.cpp, line 520]
Event: 32.211 Thread 0x000002187eda59a0 Implicit null exception at 0x0000021870c3c4da to 0x0000021870c3c533
Event: 32.948 Thread 0x000002187d02a490 Implicit null exception at 0x0000021870cd42ae to 0x0000021870cd4666
Event: 36.286 Thread 0x000002187cf0f8b0 Exception <a 'sun/nio/fs/WindowsException'{0x00000000eac2f9c0}> (0x00000000eac2f9c0) 
thrown [s\src\hotspot\share\prims\jni.cpp, line 520]
Event: 36.371 Thread 0x000002187cf0f8b0 Exception <a 'sun/nio/fs/WindowsException'{0x00000000eac7dad8}> (0x00000000eac7dad8) 
thrown [s\src\hotspot\share\prims\jni.cpp, line 520]
Event: 36.405 Thread 0x000002187cf0f8b0 Exception <a 'sun/nio/fs/WindowsException'{0x00000000eabac518}> (0x00000000eabac518) 
thrown [s\src\hotspot\share\prims\jni.cpp, line 520]

ZGC Phase Switch (0 events):
No events

VM Operations (20 events):
Event: 34.985 Executing VM operation: ParallelGCFailedAllocation (Allocation Failure)
Event: 35.996 Executing VM operation: ParallelGCFailedAllocation (Allocation Failure) done
Event: 36.015 Executing VM operation: ParallelGCFailedAllocation (Allocation Failure)
Event: 36.018 Executing VM operation: ParallelGCFailedAllocation (Allocation Failure) done
Event: 36.049 Executing VM operation: ParallelGCFailedAllocation (Allocation Failure)
Event: 36.053 Executing VM operation: ParallelGCFailedAllocation (Allocation Failure) done
Event: 36.299 Executing VM operation: ParallelGCFailedAllocation (Allocation Failure)
Event: 36.304 Executing VM operation: ParallelGCFailedAllocation (Allocation Failure) done
Event: 36.311 Executing VM operation: ParallelGCFailedAllocation (Allocation Failure)
Event: 36.313 Executing VM operation: ParallelGCFailedAllocation (Allocation Failure) done
Event: 36.320 Executing VM operation: ParallelGCFailedAllocation (Allocation Failure)
Event: 36.322 Executing VM operation: ParallelGCFailedAllocation (Allocation Failure) done
Event: 36.328 Executing VM operation: ParallelGCFailedAllocation (Allocation Failure)
Event: 36.330 Executing VM operation: ParallelGCFailedAllocation (Allocation Failure) done
Event: 36.338 Executing VM operation: ParallelGCFailedAllocation (Allocation Failure)
Event: 36.340 Executing VM operation: ParallelGCFailedAllocation (Allocation Failure) done
Event: 36.374 Executing VM operation: ParallelGCFailedAllocation (Allocation Failure)
Event: 36.376 Executing VM operation: ParallelGCFailedAllocation (Allocation Failure) done
Event: 37.382 Executing VM operation: Cleanup
Event: 37.382 Executing VM operation: Cleanup done

Memory protections (0 events):
No events

Nmethod flushes (20 events):
Event: 25.561 Thread 0x00000218645c07f0 flushing  nmethod 0x00000218695c8910
Event: 25.561 Thread 0x00000218645c07f0 flushing  nmethod 0x00000218695de090
Event: 25.561 Thread 0x00000218645c07f0 flushing  nmethod 0x00000218695ed490
Event: 25.561 Thread 0x00000218645c07f0 flushing  nmethod 0x00000218695ee190
Event: 25.561 Thread 0x00000218645c07f0 flushing  nmethod 0x00000218695eeb90
Event: 25.561 Thread 0x00000218645c07f0 flushing  nmethod 0x000002186960c110
Event: 25.561 Thread 0x00000218645c07f0 flushing  nmethod 0x0000021869630110
Event: 25.561 Thread 0x00000218645c07f0 flushing  nmethod 0x0000021869631510
Event: 25.561 Thread 0x00000218645c07f0 flushing  nmethod 0x0000021869631d90
Event: 25.561 Thread 0x00000218645c07f0 flushing  nmethod 0x0000021869632d10
Event: 25.561 Thread 0x00000218645c07f0 flushing  nmethod 0x0000021869635190
Event: 25.561 Thread 0x00000218645c07f0 flushing  nmethod 0x0000021869638690
Event: 25.561 Thread 0x00000218645c07f0 flushing  nmethod 0x0000021869647690
Event: 25.561 Thread 0x00000218645c07f0 flushing  nmethod 0x000002186964bc10
Event: 25.561 Thread 0x00000218645c07f0 flushing  nmethod 0x0000021869679290
Event: 25.561 Thread 0x00000218645c07f0 flushing  nmethod 0x0000021869685d90
Event: 25.561 Thread 0x00000218645c07f0 flushing  nmethod 0x0000021869686110
Event: 25.561 Thread 0x00000218645c07f0 flushing  nmethod 0x0000021869694c10
Event: 25.561 Thread 0x00000218645c07f0 flushing  nmethod 0x0000021869695210
Event: 25.561 Thread 0x00000218645c07f0 flushing osr nmethod 0x00000218696bf990

Events (20 events):
Event: 27.550 Thread 0x0000021845e6b300 Thread exited: 0x0000021845e6b300
Event: 27.550 Thread 0x0000021845e6ac70 Thread exited: 0x0000021845e6ac70
Event: 27.550 Thread 0x0000021845e6b990 Thread exited: 0x0000021845e6b990
Event: 28.104 Thread 0x00000218465dda90 Thread added: 0x0000021847a5a510
Event: 28.104 Thread 0x00000218465dda90 Thread added: 0x0000021847a59e80
Event: 28.104 Thread 0x00000218465dda90 Thread added: 0x0000021847a5aba0
Event: 28.104 Thread 0x00000218465dda90 Thread added: 0x0000021847a5b230
Event: 28.105 Thread 0x00000218465dda90 Thread added: 0x0000021847a5bf50
Event: 28.153 Thread 0x0000021847a5bf50 Thread exited: 0x0000021847a5bf50
Event: 28.153 Thread 0x0000021847a59e80 Thread exited: 0x0000021847a59e80
Event: 28.153 Thread 0x0000021847a5aba0 Thread exited: 0x0000021847a5aba0
Event: 28.153 Thread 0x0000021847a5a510 Thread exited: 0x0000021847a5a510
Event: 28.154 Thread 0x0000021847a5b230 Thread exited: 0x0000021847a5b230
Event: 29.315 Thread 0x00000218465de120 Thread added: 0x000002187eda38d0
Event: 29.328 Thread 0x00000218465de120 Thread added: 0x000002187eda59a0
Event: 29.602 Thread 0x000002187f094f70 Thread exited: 0x000002187f094f70
Event: 31.913 Thread 0x000002187eda38d0 Thread added: 0x000002187eda5310
Event: 31.913 Thread 0x00000218465dda90 Thread added: 0x000002187eda45f0
Event: 36.099 Thread 0x000002187bb2fdc0 Thread added: 0x0000021845869c30
Event: 36.099 Thread 0x000002187bb2fdc0 Thread added: 0x000002184635ef30


Dynamic libraries:
0x00007ff6e0bc0000 - 0x00007ff6e0bce000 	c:\Users\abhil\.vscode\extensions\redhat.java-1.42.0-win32-x64\jre\21.0.7-win32-x86_64\bin\java.exe
0x00007fffb1d20000 - 0x00007fffb1f88000 	C:\WINDOWS\SYSTEM32\ntdll.dll
0x00007fffafe80000 - 0x00007fffaff49000 	C:\WINDOWS\System32\KERNEL32.DLL
0x00007fffaee70000 - 0x00007fffaf25b000 	C:\WINDOWS\System32\KERNELBASE.dll
0x00007fffaf4a0000 - 0x00007fffaf5eb000 	C:\WINDOWS\System32\ucrtbase.dll
0x00007fff936e0000 - 0x00007fff936f8000 	c:\Users\abhil\.vscode\extensions\redhat.java-1.42.0-win32-x64\jre\21.0.7-win32-x86_64\bin\jli.dll
0x00007fffb14f0000 - 0x00007fffb16ba000 	C:\WINDOWS\System32\USER32.dll
0x00007fffaf820000 - 0x00007fffaf847000 	C:\WINDOWS\System32\win32u.dll
0x00007fffafe50000 - 0x00007fffafe7b000 	C:\WINDOWS\System32\GDI32.dll
0x00007fffaf8f0000 - 0x00007fffafa27000 	C:\WINDOWS\System32\gdi32full.dll
0x00007fffaf770000 - 0x00007fffaf813000 	C:\WINDOWS\System32\msvcp_win.dll
0x00007fff9b550000 - 0x00007fff9b56e000 	c:\Users\abhil\.vscode\extensions\redhat.java-1.42.0-win32-x64\jre\21.0.7-win32-x86_64\bin\VCRUNTIME140.dll
0x00007fff9b250000 - 0x00007fff9b4ea000 	C:\WINDOWS\WinSxS\amd64_microsoft.windows.common-controls_6595b64144ccf1df_6.0.26100.3962_none_3e0c97aee3309231\COMCTL32.dll
0x00007fffb1bd0000 - 0x00007fffb1c79000 	C:\WINDOWS\System32\msvcrt.dll
0x00007fffb1b90000 - 0x00007fffb1bc0000 	C:\WINDOWS\System32\IMM32.DLL
0x00007fff936d0000 - 0x00007fff936dc000 	c:\Users\abhil\.vscode\extensions\redhat.java-1.42.0-win32-x64\jre\21.0.7-win32-x86_64\bin\vcruntime140_1.dll
0x00007fff68b00000 - 0x00007fff68b8d000 	c:\Users\abhil\.vscode\extensions\redhat.java-1.42.0-win32-x64\jre\21.0.7-win32-x86_64\bin\msvcp140.dll
0x00007ffef3ac0000 - 0x00007ffef4850000 	c:\Users\abhil\.vscode\extensions\redhat.java-1.42.0-win32-x64\jre\21.0.7-win32-x86_64\bin\server\jvm.dll
0x00007fffb10c0000 - 0x00007fffb1174000 	C:\WINDOWS\System32\ADVAPI32.dll
0x00007fffb19b0000 - 0x00007fffb1a56000 	C:\WINDOWS\System32\sechost.dll
0x00007fffb05d0000 - 0x00007fffb06e5000 	C:\WINDOWS\System32\RPCRT4.dll
0x00007fffb06f0000 - 0x00007fffb0764000 	C:\WINDOWS\System32\WS2_32.dll
0x00007fffaecc0000 - 0x00007fffaed1e000 	C:\WINDOWS\SYSTEM32\POWRPROF.dll
0x00007fffa60a0000 - 0x00007fffa60d5000 	C:\WINDOWS\SYSTEM32\WINMM.dll
0x00007fffa7470000 - 0x00007fffa747b000 	C:\WINDOWS\SYSTEM32\VERSION.dll
0x00007fffaeca0000 - 0x00007fffaecb4000 	C:\WINDOWS\SYSTEM32\UMPDC.dll
0x00007fffadc20000 - 0x00007fffadc3b000 	C:\WINDOWS\SYSTEM32\kernel.appcore.dll
0x00007fff902b0000 - 0x00007fff902ba000 	c:\Users\abhil\.vscode\extensions\redhat.java-1.42.0-win32-x64\jre\21.0.7-win32-x86_64\bin\jimage.dll
0x00007fffac7f0000 - 0x00007fffaca31000 	C:\WINDOWS\SYSTEM32\DBGHELP.DLL
0x00007fffafac0000 - 0x00007fffafe46000 	C:\WINDOWS\System32\combase.dll
0x00007fffb16c0000 - 0x00007fffb17a1000 	C:\WINDOWS\System32\OLEAUT32.dll
0x00007fff928a0000 - 0x00007fff928e3000 	C:\WINDOWS\SYSTEM32\dbgcore.DLL
0x00007fffaf850000 - 0x00007fffaf8e9000 	C:\WINDOWS\System32\bcryptPrimitives.dll
0x00007fff90150000 - 0x00007fff9015f000 	c:\Users\abhil\.vscode\extensions\redhat.java-1.42.0-win32-x64\jre\21.0.7-win32-x86_64\bin\instrument.dll
0x00007fff90130000 - 0x00007fff9014f000 	c:\Users\abhil\.vscode\extensions\redhat.java-1.42.0-win32-x64\jre\21.0.7-win32-x86_64\bin\java.dll
0x00007fffb0940000 - 0x00007fffb1088000 	C:\WINDOWS\System32\SHELL32.dll
0x00007fffaf5f0000 - 0x00007fffaf764000 	C:\WINDOWS\System32\wintypes.dll
0x00007fffacab0000 - 0x00007fffad30b000 	C:\WINDOWS\SYSTEM32\windows.storage.dll
0x00007fffb18b0000 - 0x00007fffb19a3000 	C:\WINDOWS\System32\SHCORE.dll
0x00007fffb1840000 - 0x00007fffb18aa000 	C:\WINDOWS\System32\shlwapi.dll
0x00007fffaed80000 - 0x00007fffaedaf000 	C:\WINDOWS\SYSTEM32\profapi.dll
0x00007fff89d10000 - 0x00007fff89d28000 	c:\Users\abhil\.vscode\extensions\redhat.java-1.42.0-win32-x64\jre\21.0.7-win32-x86_64\bin\zip.dll
0x00007fff89d00000 - 0x00007fff89d10000 	C:\Users\abhil\.vscode\extensions\redhat.java-1.42.0-win32-x64\jre\21.0.7-win32-x86_64\bin\net.dll
0x00007fffa71f0000 - 0x00007fffa730e000 	C:\WINDOWS\SYSTEM32\WINHTTP.dll
0x00007fffae1a0000 - 0x00007fffae20a000 	C:\WINDOWS\system32\mswsock.dll
0x00007fff894a0000 - 0x00007fff894b6000 	C:\Users\abhil\.vscode\extensions\redhat.java-1.42.0-win32-x64\jre\21.0.7-win32-x86_64\bin\nio.dll
0x00007fff89490000 - 0x00007fff894a0000 	c:\Users\abhil\.vscode\extensions\redhat.java-1.42.0-win32-x64\jre\21.0.7-win32-x86_64\bin\verify.dll
0x00007fff68ab0000 - 0x00007fff68af5000 	C:\Users\abhil\AppData\Roaming\Code\User\globalStorage\redhat.java\1.42.0\config_win\org.eclipse.equinox.launcher\org.eclipse.equinox.launcher.win32.win32.x86_64_1.2.1300.v20250331-1702\eclipse_11911.dll
0x00007fffb0770000 - 0x00007fffb090e000 	C:\WINDOWS\System32\ole32.dll
0x00007fffae450000 - 0x00007fffae46b000 	C:\WINDOWS\SYSTEM32\CRYPTSP.dll
0x00007fffadb80000 - 0x00007fffadbba000 	C:\WINDOWS\system32\rsaenh.dll
0x00007fffae240000 - 0x00007fffae26b000 	C:\WINDOWS\SYSTEM32\USERENV.dll
0x00007fffaed50000 - 0x00007fffaed76000 	C:\WINDOWS\SYSTEM32\bcrypt.dll
0x00007fffae470000 - 0x00007fffae47c000 	C:\WINDOWS\SYSTEM32\CRYPTBASE.dll
0x00007fffad610000 - 0x00007fffad643000 	C:\WINDOWS\SYSTEM32\IPHLPAPI.DLL
0x00007fffb1cd0000 - 0x00007fffb1cda000 	C:\WINDOWS\System32\NSI.dll
0x00007fff529a0000 - 0x00007fff529e9000 	C:\Users\abhil\AppData\Local\Temp\jna-92604362\jna1944972649107429827.dll
0x00007fffb1300000 - 0x00007fffb1308000 	C:\WINDOWS\System32\PSAPI.DLL
0x00007fffa3ab0000 - 0x00007fffa3acb000 	\\?\C:\WINDOWS\system32\MpeHttpExt.dll
0x00007fffa7050000 - 0x00007fffa706f000 	C:\WINDOWS\SYSTEM32\dhcpcsvc6.DLL
0x00007fffa7020000 - 0x00007fffa7045000 	C:\WINDOWS\SYSTEM32\dhcpcsvc.DLL
0x00007fffadd50000 - 0x00007fffadd86000 	C:\WINDOWS\SYSTEM32\ntmarta.dll

dbghelp: loaded successfully - version: 4.0.5 - missing functions: none
symbol engine: initialized successfully - sym options: 0x614 - pdb path: .;c:\Users\abhil\.vscode\extensions\redhat.java-1.42.0-win32-x64\jre\21.0.7-win32-x86_64\bin;C:\WINDOWS\SYSTEM32;C:\WINDOWS\WinSxS\amd64_microsoft.windows.common-controls_6595b64144ccf1df_6.0.26100.3962_none_3e0c97aee3309231;c:\Users\abhil\.vscode\extensions\redhat.java-1.42.0-win32-x64\jre\21.0.7-win32-x86_64\bin\server;C:\Users\abhil\AppData\Roaming\Code\User\globalStorage\redhat.java\1.42.0\config_win\org.eclipse.equinox.launcher\org.eclipse.equinox.launcher.win32.win32.x86_64_1.2.1300.v20250331-1702;C:\Users\abhil\AppData\Local\Temp\jna-92604362;\\?\C:\WINDOWS\system32

VM Arguments:
jvm_args: --add-modules=ALL-SYSTEM --add-opens=java.base/java.util=ALL-UNNAMED --add-opens=java.base/java.lang=ALL-UNNAMED --add-opens=java.base/sun.nio.fs=ALL-UNNAMED -Declipse.application=org.eclipse.jdt.ls.core.id1 -Dosgi.bundles.defaultStartLevel=4 -Declipse.product=org.eclipse.jdt.ls.core.product -Djava.import.generatesMetadataFilesAtProjectRoot=false -DDetectVMInstallationsJob.disabled=true -Dfile.encoding=utf8 -XX:+UseParallelGC -XX:GCTimeRatio=4 -XX:AdaptiveSizePolicyWeight=90 -Dsun.zip.disableMemoryMapping=true -Xmx1G -Xms100m -Xlog:disable -javaagent:c:\Users\abhil\.vscode\extensions\redhat.java-1.42.0-win32-x64\lombok\lombok-1.18.36.jar -XX:+HeapDumpOnOutOfMemoryError -XX:HeapDumpPath=c:\Users\abhil\AppData\Roaming\Code\User\workspaceStorage\976fcf1d592716d10fd6e88e634f2691\redhat.java -Daether.dependencyCollector.impl=bf 
java_command: c:\Users\abhil\.vscode\extensions\redhat.java-1.42.0-win32-x64\server\plugins\org.eclipse.equinox.launcher_1.7.0.v20250424-1814.jar -configuration c:\Users\abhil\AppData\Roaming\Code\User\globalStorage\redhat.java\1.42.0\config_win -data c:\Users\abhil\AppData\Roaming\Code\User\workspaceStorage\976fcf1d592716d10fd6e88e634f2691\redhat.java\jdt_ws --pipe=\\.\pipe\lsp-8458bf61605b069349ce29cebaa19c15-sock
java_class_path (initial): c:\Users\abhil\.vscode\extensions\redhat.java-1.42.0-win32-x64\server\plugins\org.eclipse.equinox.launcher_1.7.0.v20250424-1814.jar
Launcher Type: SUN_STANDARD

[Global flags]
    uintx AdaptiveSizePolicyWeight                 = 90                                        {product} {command line}
     intx CICompilerCount                          = 4                                         {product} {ergonomic}
    uintx GCTimeRatio                              = 4                                         {product} {command line}
     bool HeapDumpOnOutOfMemoryError               = true                                   {manageable} {command line}
    ccstr HeapDumpPath                             = c:\Users\abhil\AppData\Roaming\Code\User\workspaceStorage\976fcf1d592716d10fd6e88e634f2691\redhat.java         {manageable} {command line}
   size_t InitialHeapSize                          = 104857600                                 {product} {command line}
   size_t MaxHeapSize                              = 1073741824                                {product} {command line}
   size_t MaxNewSize                               = 357564416                                 {product} {ergonomic}
   size_t MinHeapDeltaBytes                        = 524288                                    {product} {ergonomic}
   size_t MinHeapSize                              = 104857600                                 {product} {command line}
   size_t NewSize                                  = 34603008                                  {product} {ergonomic}
    uintx NonNMethodCodeHeapSize                   = 5839372                                {pd product} {ergonomic}
    uintx NonProfiledCodeHeapSize                  = 122909434                              {pd product} {ergonomic}
   size_t OldSize                                  = 70254592                                  {product} {ergonomic}
    uintx ProfiledCodeHeapSize                     = 122909434                              {pd product} {ergonomic}
    uintx ReservedCodeCacheSize                    = 251658240                              {pd product} {ergonomic}
     bool SegmentedCodeCache                       = true                                      {product} {ergonomic}
   size_t SoftMaxHeapSize                          = 1073741824                             {manageable} {ergonomic}
     bool UseCompressedOops                        = true                           {product lp64_product} {ergonomic}
     bool UseLargePagesIndividualAllocation        = false                                  {pd product} {ergonomic}
     bool UseParallelGC                            = true                                      {product} {command line}

Logging:
Log output configuration:
 #0: stdout all=off uptime,level,tags foldmultilines=false
 #1: stderr all=off uptime,level,tags foldmultilines=false

Environment Variables:
JAVA_HOME=C:\Program Files\Amazon Corretto\jdk21.0.4_7
PATH=D:\oracle\product\10.2.0\db_1\bin;C:\Program Files\Amazon Corretto\jdk21.0.4_7\bin;C:\MinGW\bin;C:\Program Files\Common Files\Oracle\Java\javapath;C:\Program Files\MiKTeX\miktex\bin\x64\;C:\WINDOWS\system32;C:\WINDOWS;C:\WINDOWS\System32\Wbem;C:\WINDOWS\System32\WindowsPowerShell\v1.0\;C:\WINDOWS\System32\OpenSSH\;C:\Program Files\Git\cmd;C:\Users\abhil\AppData\Roaming\Microsoft\Windows\Start Menu\Programs\Python 3.10;C:\Users\abhil\Downloads\pandoc-3.2.1-windows-x86_64\pandoc-3.2.1;C:\ProgramData\chocolatey\bin;C:\Program Files\LLVM\bin;C:\ffmpeg\bin;C:\Users\abhil\AppData\Local\nvm;C:\nvm4w\nodejs;C:\Program Files\PostgreSQL\17\bin;C:\ProgramData\chocolatey\lib\maven\apache-maven-3.9.9\bin;C:\Program Files\Docker\Docker\resources\bin;C:\Users\abhil\AppData\Local\Programs\Python\Python39\Scripts\;C:\Users\abhil\AppData\Local\Programs\Python\Python39\;C:\Program Files\MySQL\MySQL Shell 8.0\bin\;C:\Users\abhil\AppData\Local\Programs\Python\Python312\Scripts\;C:\Users\abhil\AppData\Local\Programs\Python\Python312\;C:\Users\abhil\AppData\Local\Microsoft\WindowsApps;C:\Users\abhil\AppData\Local\Programs\Microsoft VS Code\bin;C:\Program Files\JetBrains\PyCharm 2023.2.1\bin;;C:\Program Files\JetBrains\PyCharm Community Edition 2023.2.1\bin;;C:\ProgramData\Microsoft\Windows\Start Menu\Programs\JetBrains;C:\Users\abhil\AppData\Local\GitHubDesktop\bin;C:\Users\abhil\AppData\Local\Programs\cursor\resources\app\bin;C:\Users\abhil\AppData\Roaming\npm;C:\Users\abhil\AppData\Local\nvm;C:\nvm4w\nodejs
USERNAME=abhil
OS=Windows_NT
PROCESSOR_IDENTIFIER=AMD64 Family 23 Model 104 Stepping 1, AuthenticAMD
TMP=C:\Users\abhil\AppData\Local\Temp
TEMP=C:\Users\abhil\AppData\Local\Temp




Periodic native trim disabled

---------------  S Y S T E M  ---------------

OS:
 Windows 11 , 64 bit Build 26100 (10.0.26100.4250)
OS uptime: 1 days 0:10 hours
Hyper-V role detected

CPU: total 12 (initial active 12) (12 cores per cpu, 2 threads per core) family 23 model 104 stepping 1 microcode 0x8608103, cx8, cmov, fxsr, ht, mmx, 3dnowpref, sse, sse2, sse3, ssse3, sse4a, sse4.1, sse4.2, popcnt, lzcnt, tsc, tscinvbit, avx, avx2, aes, clmul, bmi1, bmi2, adx, sha, fma, vzeroupper, clflush, clflushopt, hv, rdtscp, rdpid, f16c
Processor Information for processor 0
  Max Mhz: 2100, Current Mhz: 1893, Mhz Limit: 2100
Processor Information for processor 1
  Max Mhz: 2100, Current Mhz: 1893, Mhz Limit: 2100
Processor Information for processor 2
  Max Mhz: 2100, Current Mhz: 1893, Mhz Limit: 2100
Processor Information for processor 3
  Max Mhz: 2100, Current Mhz: 1893, Mhz Limit: 2100
Processor Information for processor 4
  Max Mhz: 2100, Current Mhz: 1893, Mhz Limit: 2100
Processor Information for processor 5
  Max Mhz: 2100, Current Mhz: 1893, Mhz Limit: 2100
Processor Information for processor 6
  Max Mhz: 2100, Current Mhz: 1893, Mhz Limit: 2100
Processor Information for processor 7
  Max Mhz: 2100, Current Mhz: 1893, Mhz Limit: 2100
Processor Information for processor 8
  Max Mhz: 2100, Current Mhz: 1813, Mhz Limit: 2100
Processor Information for processor 9
  Max Mhz: 2100, Current Mhz: 1813, Mhz Limit: 2100
Processor Information for processor 10
  Max Mhz: 2100, Current Mhz: 1813, Mhz Limit: 2100
Processor Information for processor 11
  Max Mhz: 2100, Current Mhz: 1813, Mhz Limit: 2100

Memory: 4k page, system-wide physical 6005M (723M free)
TotalPageFile size 24437M (AvailPageFile size 31M)
current process WorkingSet (physical memory assigned to process): 792M, peak: 792M
current process commit charge ("private bytes"): 799M, peak: 799M

vm_info: OpenJDK 64-Bit Server VM (21.0.7+6-LTS) for windows-amd64 JRE (21.0.7+6-LTS), built on 2025-04-15T00:00:00Z by "admin" with MS VC++ 17.7 (VS2022)

END.
